=== STN-i data generation started at Wed Dec  3 21:14:24 -03 2025 ===
Mode: Individuals
=== Processing algorithm: ACOTSP ===
>> Generating: 

Attaching package: ‘igraph’

The following objects are masked from ‘package:stats’:

    decompose, spectrum

The following object is masked from ‘package:base’:

    union

STN-i metrics saved to: /home/imperialdramon/Tesis/STN-i/Experiments/ACOTSP/Individuals/BL/STN-i-Metrics/BL-L0_stn_i_metrics_nodes.csv
STN-i metrics saved to: /home/imperialdramon/Tesis/STN-i/Experiments/ACOTSP/Individuals/BL/STN-i-Metrics/BL-L0_stn_i_metrics_elite_nodes.csv
STN-i metrics saved to: /home/imperialdramon/Tesis/STN-i/Experiments/ACOTSP/Individuals/BL/STN-i-Metrics/BL-L0_stn_i_metrics_configurations.csv
          used (Mb) gc trigger (Mb) max used (Mb)
Ncells  576966 30.9    1197965   64  1197965   64
Vcells 1287588  9.9    8388608   64  8388606   64
✅ Success: Generated 
>> Generating: 

Attaching package: ‘igraph’

The following objects are masked from ‘package:stats’:

    decompose, spectrum

The following object is masked from ‘package:base’:

    union

STN-i metrics saved to: /home/imperialdramon/Tesis/STN-i/Experiments/ACOTSP/Individuals/BL/STN-i-Metrics/BL-L1_stn_i_metrics_nodes.csv
STN-i metrics saved to: /home/imperialdramon/Tesis/STN-i/Experiments/ACOTSP/Individuals/BL/STN-i-Metrics/BL-L1_stn_i_metrics_elite_nodes.csv
STN-i metrics saved to: /home/imperialdramon/Tesis/STN-i/Experiments/ACOTSP/Individuals/BL/STN-i-Metrics/BL-L1_stn_i_metrics_configurations.csv
          used (Mb) gc trigger (Mb) max used (Mb)
Ncells  576966 30.9    1197965   64  1197965   64
Vcells 1287588  9.9    8388608   64  8388606   64
✅ Success: Generated 
>> Generating: 

Attaching package: ‘igraph’

The following objects are masked from ‘package:stats’:

    decompose, spectrum

The following object is masked from ‘package:base’:

    union

STN-i metrics saved to: /home/imperialdramon/Tesis/STN-i/Experiments/ACOTSP/Individuals/BL/STN-i-Metrics/BL-L2_stn_i_metrics_nodes.csv
STN-i metrics saved to: /home/imperialdramon/Tesis/STN-i/Experiments/ACOTSP/Individuals/BL/STN-i-Metrics/BL-L2_stn_i_metrics_elite_nodes.csv
STN-i metrics saved to: /home/imperialdramon/Tesis/STN-i/Experiments/ACOTSP/Individuals/BL/STN-i-Metrics/BL-L2_stn_i_metrics_configurations.csv
          used (Mb) gc trigger (Mb) max used (Mb)
Ncells  576887 30.9    1198045   64  1198045   64
Vcells 1286835  9.9    8388608   64  8388606   64
✅ Success: Generated 
>> Generating: 

Attaching package: ‘igraph’

The following objects are masked from ‘package:stats’:

    decompose, spectrum

The following object is masked from ‘package:base’:

    union

STN-i metrics saved to: /home/imperialdramon/Tesis/STN-i/Experiments/ACOTSP/Individuals/BL/STN-i-Metrics/BL-L3_stn_i_metrics_nodes.csv
STN-i metrics saved to: /home/imperialdramon/Tesis/STN-i/Experiments/ACOTSP/Individuals/BL/STN-i-Metrics/BL-L3_stn_i_metrics_elite_nodes.csv
STN-i metrics saved to: /home/imperialdramon/Tesis/STN-i/Experiments/ACOTSP/Individuals/BL/STN-i-Metrics/BL-L3_stn_i_metrics_configurations.csv
          used (Mb) gc trigger (Mb) max used (Mb)
Ncells  575595 30.8    1196688   64  1196688   64
Vcells 1275519  9.8    8388608   64  8388598   64
✅ Success: Generated 
>> Generating: 

Attaching package: ‘igraph’

The following objects are masked from ‘package:stats’:

    decompose, spectrum

The following object is masked from ‘package:base’:

    union

STN-i metrics saved to: /home/imperialdramon/Tesis/STN-i/Experiments/ACOTSP/Individuals/BL/STN-i-Metrics/BL-L4_stn_i_metrics_nodes.csv
STN-i metrics saved to: /home/imperialdramon/Tesis/STN-i/Experiments/ACOTSP/Individuals/BL/STN-i-Metrics/BL-L4_stn_i_metrics_elite_nodes.csv
STN-i metrics saved to: /home/imperialdramon/Tesis/STN-i/Experiments/ACOTSP/Individuals/BL/STN-i-Metrics/BL-L4_stn_i_metrics_configurations.csv
          used (Mb) gc trigger (Mb) max used (Mb)
Ncells  573190 30.7    1194902 63.9  1194902 63.9
Vcells 1252904  9.6    8388608 64.0  8388601 64.0
✅ Success: Generated 
>> Generating: 

Attaching package: ‘igraph’

The following objects are masked from ‘package:stats’:

    decompose, spectrum

The following object is masked from ‘package:base’:

    union

STN-i metrics saved to: /home/imperialdramon/Tesis/STN-i/Experiments/ACOTSP/Individuals/BL/STN-i-Metrics/BL-L5_stn_i_metrics_nodes.csv
STN-i metrics saved to: /home/imperialdramon/Tesis/STN-i/Experiments/ACOTSP/Individuals/BL/STN-i-Metrics/BL-L5_stn_i_metrics_elite_nodes.csv
STN-i metrics saved to: /home/imperialdramon/Tesis/STN-i/Experiments/ACOTSP/Individuals/BL/STN-i-Metrics/BL-L5_stn_i_metrics_configurations.csv
          used (Mb) gc trigger (Mb) max used (Mb)
Ncells  569695 30.5    1199842 64.1  1191729 63.7
Vcells 1221587  9.4    8388608 64.0  8388608 64.0
✅ Success: Generated 
>> Generating: 

Attaching package: ‘igraph’

The following objects are masked from ‘package:stats’:

    decompose, spectrum

The following object is masked from ‘package:base’:

    union

STN-i metrics saved to: /home/imperialdramon/Tesis/STN-i/Experiments/ACOTSP/Individuals/BL-45/STN-i-Metrics/BL-45-L0_stn_i_metrics_nodes.csv
STN-i metrics saved to: /home/imperialdramon/Tesis/STN-i/Experiments/ACOTSP/Individuals/BL-45/STN-i-Metrics/BL-45-L0_stn_i_metrics_elite_nodes.csv
STN-i metrics saved to: /home/imperialdramon/Tesis/STN-i/Experiments/ACOTSP/Individuals/BL-45/STN-i-Metrics/BL-45-L0_stn_i_metrics_configurations.csv
          used (Mb) gc trigger (Mb) max used (Mb)
Ncells  559044 29.9    1196862   64  1196862   64
Vcells 1152776  8.8    8388608   64  8388605   64
✅ Success: Generated 
>> Generating: 

Attaching package: ‘igraph’

The following objects are masked from ‘package:stats’:

    decompose, spectrum

The following object is masked from ‘package:base’:

    union

STN-i metrics saved to: /home/imperialdramon/Tesis/STN-i/Experiments/ACOTSP/Individuals/BL-45/STN-i-Metrics/BL-45-L1_stn_i_metrics_nodes.csv
STN-i metrics saved to: /home/imperialdramon/Tesis/STN-i/Experiments/ACOTSP/Individuals/BL-45/STN-i-Metrics/BL-45-L1_stn_i_metrics_elite_nodes.csv
STN-i metrics saved to: /home/imperialdramon/Tesis/STN-i/Experiments/ACOTSP/Individuals/BL-45/STN-i-Metrics/BL-45-L1_stn_i_metrics_configurations.csv
          used (Mb) gc trigger (Mb) max used (Mb)
Ncells  559044 29.9    1196862   64  1196862   64
Vcells 1152776  8.8    8388608   64  8388605   64
✅ Success: Generated 
>> Generating: 

Attaching package: ‘igraph’

The following objects are masked from ‘package:stats’:

    decompose, spectrum

The following object is masked from ‘package:base’:

    union

STN-i metrics saved to: /home/imperialdramon/Tesis/STN-i/Experiments/ACOTSP/Individuals/BL-45/STN-i-Metrics/BL-45-L2_stn_i_metrics_nodes.csv
STN-i metrics saved to: /home/imperialdramon/Tesis/STN-i/Experiments/ACOTSP/Individuals/BL-45/STN-i-Metrics/BL-45-L2_stn_i_metrics_elite_nodes.csv
STN-i metrics saved to: /home/imperialdramon/Tesis/STN-i/Experiments/ACOTSP/Individuals/BL-45/STN-i-Metrics/BL-45-L2_stn_i_metrics_configurations.csv
          used (Mb) gc trigger (Mb) max used (Mb)
Ncells  559007 29.9    1196831   64  1196831   64
Vcells 1152497  8.8    8388608   64  8388608   64
✅ Success: Generated 
>> Generating: 

Attaching package: ‘igraph’

The following objects are masked from ‘package:stats’:

    decompose, spectrum

The following object is masked from ‘package:base’:

    union

STN-i metrics saved to: /home/imperialdramon/Tesis/STN-i/Experiments/ACOTSP/Individuals/BL-45/STN-i-Metrics/BL-45-L3_stn_i_metrics_nodes.csv
STN-i metrics saved to: /home/imperialdramon/Tesis/STN-i/Experiments/ACOTSP/Individuals/BL-45/STN-i-Metrics/BL-45-L3_stn_i_metrics_elite_nodes.csv
STN-i metrics saved to: /home/imperialdramon/Tesis/STN-i/Experiments/ACOTSP/Individuals/BL-45/STN-i-Metrics/BL-45-L3_stn_i_metrics_configurations.csv
          used (Mb) gc trigger (Mb) max used (Mb)
Ncells  558295 29.9    1196680   64  1196680   64
Vcells 1146605  8.8    8388608   64  8388608   64
✅ Success: Generated 
>> Generating: 

Attaching package: ‘igraph’

The following objects are masked from ‘package:stats’:

    decompose, spectrum

The following object is masked from ‘package:base’:

    union

STN-i metrics saved to: /home/imperialdramon/Tesis/STN-i/Experiments/ACOTSP/Individuals/BL-45/STN-i-Metrics/BL-45-L4_stn_i_metrics_nodes.csv
STN-i metrics saved to: /home/imperialdramon/Tesis/STN-i/Experiments/ACOTSP/Individuals/BL-45/STN-i-Metrics/BL-45-L4_stn_i_metrics_elite_nodes.csv
STN-i metrics saved to: /home/imperialdramon/Tesis/STN-i/Experiments/ACOTSP/Individuals/BL-45/STN-i-Metrics/BL-45-L4_stn_i_metrics_configurations.csv
          used (Mb) gc trigger (Mb) max used (Mb)
Ncells  556762 29.8    1195380 63.9  1143310 61.1
Vcells 1133612  8.7    8388608 64.0  8388608 64.0
✅ Success: Generated 
>> Generating: 

Attaching package: ‘igraph’

The following objects are masked from ‘package:stats’:

    decompose, spectrum

The following object is masked from ‘package:base’:

    union

STN-i metrics saved to: /home/imperialdramon/Tesis/STN-i/Experiments/ACOTSP/Individuals/BL-45/STN-i-Metrics/BL-45-L5_stn_i_metrics_nodes.csv
STN-i metrics saved to: /home/imperialdramon/Tesis/STN-i/Experiments/ACOTSP/Individuals/BL-45/STN-i-Metrics/BL-45-L5_stn_i_metrics_elite_nodes.csv
STN-i metrics saved to: /home/imperialdramon/Tesis/STN-i/Experiments/ACOTSP/Individuals/BL-45/STN-i-Metrics/BL-45-L5_stn_i_metrics_configurations.csv
          used (Mb) gc trigger (Mb) max used (Mb)
Ncells  554810 29.7    1194902 63.9  1194902 63.9
Vcells 1116244  8.6    8388608 64.0  8388577 64.0
✅ Success: Generated 
>> Generating: 

Attaching package: ‘igraph’

The following objects are masked from ‘package:stats’:

    decompose, spectrum

The following object is masked from ‘package:base’:

    union

STN-i metrics saved to: /home/imperialdramon/Tesis/STN-i/Experiments/ACOTSP/Individuals/BH/STN-i-Metrics/BH-L0_stn_i_metrics_nodes.csv
STN-i metrics saved to: /home/imperialdramon/Tesis/STN-i/Experiments/ACOTSP/Individuals/BH/STN-i-Metrics/BH-L0_stn_i_metrics_elite_nodes.csv
STN-i metrics saved to: /home/imperialdramon/Tesis/STN-i/Experiments/ACOTSP/Individuals/BH/STN-i-Metrics/BH-L0_stn_i_metrics_configurations.csv
          used (Mb) gc trigger (Mb) max used (Mb)
Ncells  624908 33.4    1216622   65  1216622   65
Vcells 1640552 12.6    8388608   64  8388608   64
✅ Success: Generated 
>> Generating: 

Attaching package: ‘igraph’

The following objects are masked from ‘package:stats’:

    decompose, spectrum

The following object is masked from ‘package:base’:

    union

STN-i metrics saved to: /home/imperialdramon/Tesis/STN-i/Experiments/ACOTSP/Individuals/BH/STN-i-Metrics/BH-L1_stn_i_metrics_nodes.csv
STN-i metrics saved to: /home/imperialdramon/Tesis/STN-i/Experiments/ACOTSP/Individuals/BH/STN-i-Metrics/BH-L1_stn_i_metrics_elite_nodes.csv
STN-i metrics saved to: /home/imperialdramon/Tesis/STN-i/Experiments/ACOTSP/Individuals/BH/STN-i-Metrics/BH-L1_stn_i_metrics_configurations.csv
          used (Mb) gc trigger (Mb) max used (Mb)
Ncells  624908 33.4    1216622   65  1216622   65
Vcells 1640552 12.6    8388608   64  8388608   64
✅ Success: Generated 
>> Generating: 

Attaching package: ‘igraph’

The following objects are masked from ‘package:stats’:

    decompose, spectrum

The following object is masked from ‘package:base’:

    union

STN-i metrics saved to: /home/imperialdramon/Tesis/STN-i/Experiments/ACOTSP/Individuals/BH/STN-i-Metrics/BH-L2_stn_i_metrics_nodes.csv
STN-i metrics saved to: /home/imperialdramon/Tesis/STN-i/Experiments/ACOTSP/Individuals/BH/STN-i-Metrics/BH-L2_stn_i_metrics_elite_nodes.csv
STN-i metrics saved to: /home/imperialdramon/Tesis/STN-i/Experiments/ACOTSP/Individuals/BH/STN-i-Metrics/BH-L2_stn_i_metrics_configurations.csv
          used (Mb) gc trigger (Mb) max used (Mb)
Ncells  623910 33.4    1215657   65  1215657   65
Vcells 1631720 12.5    8388608   64  8388608   64
✅ Success: Generated 
>> Generating: 

Attaching package: ‘igraph’

The following objects are masked from ‘package:stats’:

    decompose, spectrum

The following object is masked from ‘package:base’:

    union

STN-i metrics saved to: /home/imperialdramon/Tesis/STN-i/Experiments/ACOTSP/Individuals/BH/STN-i-Metrics/BH-L3_stn_i_metrics_nodes.csv
STN-i metrics saved to: /home/imperialdramon/Tesis/STN-i/Experiments/ACOTSP/Individuals/BH/STN-i-Metrics/BH-L3_stn_i_metrics_elite_nodes.csv
STN-i metrics saved to: /home/imperialdramon/Tesis/STN-i/Experiments/ACOTSP/Individuals/BH/STN-i-Metrics/BH-L3_stn_i_metrics_configurations.csv
          used (Mb) gc trigger (Mb) max used (Mb)
Ncells  618264 33.1    1212977 64.8  1197552   64
Vcells 1580884 12.1    8388608 64.0  8388608   64
✅ Success: Generated 
>> Generating: 

Attaching package: ‘igraph’

The following objects are masked from ‘package:stats’:

    decompose, spectrum

The following object is masked from ‘package:base’:

    union

STN-i metrics saved to: /home/imperialdramon/Tesis/STN-i/Experiments/ACOTSP/Individuals/BH/STN-i-Metrics/BH-L4_stn_i_metrics_nodes.csv
STN-i metrics saved to: /home/imperialdramon/Tesis/STN-i/Experiments/ACOTSP/Individuals/BH/STN-i-Metrics/BH-L4_stn_i_metrics_elite_nodes.csv
STN-i metrics saved to: /home/imperialdramon/Tesis/STN-i/Experiments/ACOTSP/Individuals/BH/STN-i-Metrics/BH-L4_stn_i_metrics_configurations.csv
          used (Mb) gc trigger (Mb) max used (Mb)
Ncells  609537 32.6    1206211 64.5  1206211 64.5
Vcells 1506655 11.5    8388608 64.0  8388608 64.0
✅ Success: Generated 
>> Generating: 

Attaching package: ‘igraph’

The following objects are masked from ‘package:stats’:

    decompose, spectrum

The following object is masked from ‘package:base’:

    union

STN-i metrics saved to: /home/imperialdramon/Tesis/STN-i/Experiments/ACOTSP/Individuals/BH/STN-i-Metrics/BH-L5_stn_i_metrics_nodes.csv
STN-i metrics saved to: /home/imperialdramon/Tesis/STN-i/Experiments/ACOTSP/Individuals/BH/STN-i-Metrics/BH-L5_stn_i_metrics_elite_nodes.csv
STN-i metrics saved to: /home/imperialdramon/Tesis/STN-i/Experiments/ACOTSP/Individuals/BH/STN-i-Metrics/BH-L5_stn_i_metrics_configurations.csv
          used (Mb) gc trigger (Mb) max used (Mb)
Ncells  601849 32.2    1200671 64.2  1148241 61.4
Vcells 1442499 11.1    8388608 64.0  8388608 64.0
✅ Success: Generated 
>> Generating: 

Attaching package: ‘igraph’

The following objects are masked from ‘package:stats’:

    decompose, spectrum

The following object is masked from ‘package:base’:

    union

STN-i metrics saved to: /home/imperialdramon/Tesis/STN-i/Experiments/ACOTSP/Individuals/BH-90/STN-i-Metrics/BH-90-L0_stn_i_metrics_nodes.csv
STN-i metrics saved to: /home/imperialdramon/Tesis/STN-i/Experiments/ACOTSP/Individuals/BH-90/STN-i-Metrics/BH-90-L0_stn_i_metrics_elite_nodes.csv
STN-i metrics saved to: /home/imperialdramon/Tesis/STN-i/Experiments/ACOTSP/Individuals/BH-90/STN-i-Metrics/BH-90-L0_stn_i_metrics_configurations.csv
          used (Mb) gc trigger (Mb) max used (Mb)
Ncells  589357 31.5    1203402 64.3  1203402 64.3
Vcells 1372181 10.5    8388608 64.0  8388606 64.0
✅ Success: Generated 
>> Generating: 

Attaching package: ‘igraph’

The following objects are masked from ‘package:stats’:

    decompose, spectrum

The following object is masked from ‘package:base’:

    union

STN-i metrics saved to: /home/imperialdramon/Tesis/STN-i/Experiments/ACOTSP/Individuals/BH-90/STN-i-Metrics/BH-90-L1_stn_i_metrics_nodes.csv
STN-i metrics saved to: /home/imperialdramon/Tesis/STN-i/Experiments/ACOTSP/Individuals/BH-90/STN-i-Metrics/BH-90-L1_stn_i_metrics_elite_nodes.csv
STN-i metrics saved to: /home/imperialdramon/Tesis/STN-i/Experiments/ACOTSP/Individuals/BH-90/STN-i-Metrics/BH-90-L1_stn_i_metrics_configurations.csv
          used (Mb) gc trigger (Mb) max used (Mb)
Ncells  589357 31.5    1203425 64.3  1203425 64.3
Vcells 1372181 10.5    8388608 64.0  8388606 64.0
✅ Success: Generated 
>> Generating: 

Attaching package: ‘igraph’

The following objects are masked from ‘package:stats’:

    decompose, spectrum

The following object is masked from ‘package:base’:

    union

STN-i metrics saved to: /home/imperialdramon/Tesis/STN-i/Experiments/ACOTSP/Individuals/BH-90/STN-i-Metrics/BH-90-L2_stn_i_metrics_nodes.csv
STN-i metrics saved to: /home/imperialdramon/Tesis/STN-i/Experiments/ACOTSP/Individuals/BH-90/STN-i-Metrics/BH-90-L2_stn_i_metrics_elite_nodes.csv
STN-i metrics saved to: /home/imperialdramon/Tesis/STN-i/Experiments/ACOTSP/Individuals/BH-90/STN-i-Metrics/BH-90-L2_stn_i_metrics_configurations.csv
          used (Mb) gc trigger (Mb) max used (Mb)
Ncells  588842 31.5    1203148 64.3  1203148 64.3
Vcells 1368004 10.5    8388608 64.0  8388608 64.0
✅ Success: Generated 
>> Generating: 

Attaching package: ‘igraph’

The following objects are masked from ‘package:stats’:

    decompose, spectrum

The following object is masked from ‘package:base’:

    union

STN-i metrics saved to: /home/imperialdramon/Tesis/STN-i/Experiments/ACOTSP/Individuals/BH-90/STN-i-Metrics/BH-90-L3_stn_i_metrics_nodes.csv
STN-i metrics saved to: /home/imperialdramon/Tesis/STN-i/Experiments/ACOTSP/Individuals/BH-90/STN-i-Metrics/BH-90-L3_stn_i_metrics_elite_nodes.csv
STN-i metrics saved to: /home/imperialdramon/Tesis/STN-i/Experiments/ACOTSP/Individuals/BH-90/STN-i-Metrics/BH-90-L3_stn_i_metrics_configurations.csv
          used (Mb) gc trigger (Mb) max used (Mb)
Ncells  585933 31.3    1200265 64.2  1198723 64.1
Vcells 1342771 10.3    8388608 64.0  8388608 64.0
✅ Success: Generated 
>> Generating: 

Attaching package: ‘igraph’

The following objects are masked from ‘package:stats’:

    decompose, spectrum

The following object is masked from ‘package:base’:

    union

STN-i metrics saved to: /home/imperialdramon/Tesis/STN-i/Experiments/ACOTSP/Individuals/BH-90/STN-i-Metrics/BH-90-L4_stn_i_metrics_nodes.csv
STN-i metrics saved to: /home/imperialdramon/Tesis/STN-i/Experiments/ACOTSP/Individuals/BH-90/STN-i-Metrics/BH-90-L4_stn_i_metrics_elite_nodes.csv
STN-i metrics saved to: /home/imperialdramon/Tesis/STN-i/Experiments/ACOTSP/Individuals/BH-90/STN-i-Metrics/BH-90-L4_stn_i_metrics_configurations.csv
          used (Mb) gc trigger (Mb) max used (Mb)
Ncells  581150 31.1    1196497 63.9  1196497 63.9
Vcells 1299900 10.0    8388608 64.0  8388608 64.0
✅ Success: Generated 
>> Generating: 

Attaching package: ‘igraph’

The following objects are masked from ‘package:stats’:

    decompose, spectrum

The following object is masked from ‘package:base’:

    union

STN-i metrics saved to: /home/imperialdramon/Tesis/STN-i/Experiments/ACOTSP/Individuals/BH-90/STN-i-Metrics/BH-90-L5_stn_i_metrics_nodes.csv
STN-i metrics saved to: /home/imperialdramon/Tesis/STN-i/Experiments/ACOTSP/Individuals/BH-90/STN-i-Metrics/BH-90-L5_stn_i_metrics_elite_nodes.csv
STN-i metrics saved to: /home/imperialdramon/Tesis/STN-i/Experiments/ACOTSP/Individuals/BH-90/STN-i-Metrics/BH-90-L5_stn_i_metrics_configurations.csv
          used (Mb) gc trigger (Mb) max used (Mb)
Ncells  576042 30.8    1192637 63.7  1192637 63.7
Vcells 1258284  9.6    8388608 64.0  8388606 64.0
✅ Success: Generated 
=== Processing algorithm: PSO-X ===
>> Generating: 

Attaching package: ‘igraph’

The following objects are masked from ‘package:stats’:

    decompose, spectrum

The following object is masked from ‘package:base’:

    union

STN-i metrics saved to: /home/imperialdramon/Tesis/STN-i/Experiments/PSO-X/Individuals/BL/STN-i-Metrics/BL-L0_stn_i_metrics_nodes.csv
STN-i metrics saved to: /home/imperialdramon/Tesis/STN-i/Experiments/PSO-X/Individuals/BL/STN-i-Metrics/BL-L0_stn_i_metrics_elite_nodes.csv
STN-i metrics saved to: /home/imperialdramon/Tesis/STN-i/Experiments/PSO-X/Individuals/BL/STN-i-Metrics/BL-L0_stn_i_metrics_configurations.csv
          used (Mb) gc trigger (Mb) max used (Mb)
Ncells  547475 29.3    1194717 63.9  1194717 63.9
Vcells 1079231  8.3    8388608 64.0  8388606 64.0
✅ Success: Generated 
>> Generating: 

Attaching package: ‘igraph’

The following objects are masked from ‘package:stats’:

    decompose, spectrum

The following object is masked from ‘package:base’:

    union

STN-i metrics saved to: /home/imperialdramon/Tesis/STN-i/Experiments/PSO-X/Individuals/BL/STN-i-Metrics/BL-L1_stn_i_metrics_nodes.csv
STN-i metrics saved to: /home/imperialdramon/Tesis/STN-i/Experiments/PSO-X/Individuals/BL/STN-i-Metrics/BL-L1_stn_i_metrics_elite_nodes.csv
STN-i metrics saved to: /home/imperialdramon/Tesis/STN-i/Experiments/PSO-X/Individuals/BL/STN-i-Metrics/BL-L1_stn_i_metrics_configurations.csv
          used (Mb) gc trigger (Mb) max used (Mb)
Ncells  547443 29.3    1194680 63.9  1194680 63.9
Vcells 1079021  8.3    8388608 64.0  8388575 64.0
✅ Success: Generated 
>> Generating: 

Attaching package: ‘igraph’

The following objects are masked from ‘package:stats’:

    decompose, spectrum

The following object is masked from ‘package:base’:

    union

STN-i metrics saved to: /home/imperialdramon/Tesis/STN-i/Experiments/PSO-X/Individuals/BL/STN-i-Metrics/BL-L2_stn_i_metrics_nodes.csv
STN-i metrics saved to: /home/imperialdramon/Tesis/STN-i/Experiments/PSO-X/Individuals/BL/STN-i-Metrics/BL-L2_stn_i_metrics_elite_nodes.csv
STN-i metrics saved to: /home/imperialdramon/Tesis/STN-i/Experiments/PSO-X/Individuals/BL/STN-i-Metrics/BL-L2_stn_i_metrics_configurations.csv
          used (Mb) gc trigger (Mb) max used (Mb)
Ncells  546945 29.3    1194562 63.8  1194562 63.8
Vcells 1074971  8.3    8388608 64.0  8388608 64.0
✅ Success: Generated 
>> Generating: 

Attaching package: ‘igraph’

The following objects are masked from ‘package:stats’:

    decompose, spectrum

The following object is masked from ‘package:base’:

    union

STN-i metrics saved to: /home/imperialdramon/Tesis/STN-i/Experiments/PSO-X/Individuals/BL/STN-i-Metrics/BL-L3_stn_i_metrics_nodes.csv
STN-i metrics saved to: /home/imperialdramon/Tesis/STN-i/Experiments/PSO-X/Individuals/BL/STN-i-Metrics/BL-L3_stn_i_metrics_elite_nodes.csv
STN-i metrics saved to: /home/imperialdramon/Tesis/STN-i/Experiments/PSO-X/Individuals/BL/STN-i-Metrics/BL-L3_stn_i_metrics_configurations.csv
          used (Mb) gc trigger (Mb) max used (Mb)
Ncells  545257 29.2    1193562 63.8  1193562 63.8
Vcells 1061385  8.1    8388608 64.0  8388608 64.0
✅ Success: Generated 
>> Generating: 

Attaching package: ‘igraph’

The following objects are masked from ‘package:stats’:

    decompose, spectrum

The following object is masked from ‘package:base’:

    union

STN-i metrics saved to: /home/imperialdramon/Tesis/STN-i/Experiments/PSO-X/Individuals/BL/STN-i-Metrics/BL-L4_stn_i_metrics_nodes.csv
STN-i metrics saved to: /home/imperialdramon/Tesis/STN-i/Experiments/PSO-X/Individuals/BL/STN-i-Metrics/BL-L4_stn_i_metrics_elite_nodes.csv
STN-i metrics saved to: /home/imperialdramon/Tesis/STN-i/Experiments/PSO-X/Individuals/BL/STN-i-Metrics/BL-L4_stn_i_metrics_configurations.csv
          used (Mb) gc trigger (Mb) max used (Mb)
Ncells  543488 29.1    1190531 63.6  1190531 63.6
Vcells 1045796  8.0    8388608 64.0  8388606 64.0
✅ Success: Generated 
>> Generating: 

Attaching package: ‘igraph’

The following objects are masked from ‘package:stats’:

    decompose, spectrum

The following object is masked from ‘package:base’:

    union

STN-i metrics saved to: /home/imperialdramon/Tesis/STN-i/Experiments/PSO-X/Individuals/BL/STN-i-Metrics/BL-L5_stn_i_metrics_nodes.csv
STN-i metrics saved to: /home/imperialdramon/Tesis/STN-i/Experiments/PSO-X/Individuals/BL/STN-i-Metrics/BL-L5_stn_i_metrics_elite_nodes.csv
STN-i metrics saved to: /home/imperialdramon/Tesis/STN-i/Experiments/PSO-X/Individuals/BL/STN-i-Metrics/BL-L5_stn_i_metrics_configurations.csv
          used (Mb) gc trigger (Mb) max used (Mb)
Ncells  540937 28.9    1185622 63.4  1185622 63.4
Vcells 1022761  7.9    8388608 64.0  8388608 64.0
✅ Success: Generated 
>> Generating: 

Attaching package: ‘igraph’

The following objects are masked from ‘package:stats’:

    decompose, spectrum

The following object is masked from ‘package:base’:

    union

STN-i metrics saved to: /home/imperialdramon/Tesis/STN-i/Experiments/PSO-X/Individuals/BL-32/STN-i-Metrics/BL-32-L0_stn_i_metrics_nodes.csv
STN-i metrics saved to: /home/imperialdramon/Tesis/STN-i/Experiments/PSO-X/Individuals/BL-32/STN-i-Metrics/BL-32-L0_stn_i_metrics_elite_nodes.csv
STN-i metrics saved to: /home/imperialdramon/Tesis/STN-i/Experiments/PSO-X/Individuals/BL-32/STN-i-Metrics/BL-32-L0_stn_i_metrics_configurations.csv
          used (Mb) gc trigger (Mb) max used (Mb)
Ncells  541361 29.0    1186331 63.4  1186331 63.4
Vcells 1028275  7.9    8388608 64.0  8388595 64.0
✅ Success: Generated 
>> Generating: 

Attaching package: ‘igraph’

The following objects are masked from ‘package:stats’:

    decompose, spectrum

The following object is masked from ‘package:base’:

    union

STN-i metrics saved to: /home/imperialdramon/Tesis/STN-i/Experiments/PSO-X/Individuals/BL-32/STN-i-Metrics/BL-32-L1_stn_i_metrics_nodes.csv
STN-i metrics saved to: /home/imperialdramon/Tesis/STN-i/Experiments/PSO-X/Individuals/BL-32/STN-i-Metrics/BL-32-L1_stn_i_metrics_elite_nodes.csv
STN-i metrics saved to: /home/imperialdramon/Tesis/STN-i/Experiments/PSO-X/Individuals/BL-32/STN-i-Metrics/BL-32-L1_stn_i_metrics_configurations.csv
          used (Mb) gc trigger (Mb) max used (Mb)
Ncells  541354 29.0    1186314 63.4  1186314 63.4
Vcells 1028228  7.9    8388608 64.0  8388608 64.0
✅ Success: Generated 
>> Generating: 

Attaching package: ‘igraph’

The following objects are masked from ‘package:stats’:

    decompose, spectrum

The following object is masked from ‘package:base’:

    union

STN-i metrics saved to: /home/imperialdramon/Tesis/STN-i/Experiments/PSO-X/Individuals/BL-32/STN-i-Metrics/BL-32-L2_stn_i_metrics_nodes.csv
STN-i metrics saved to: /home/imperialdramon/Tesis/STN-i/Experiments/PSO-X/Individuals/BL-32/STN-i-Metrics/BL-32-L2_stn_i_metrics_elite_nodes.csv
STN-i metrics saved to: /home/imperialdramon/Tesis/STN-i/Experiments/PSO-X/Individuals/BL-32/STN-i-Metrics/BL-32-L2_stn_i_metrics_configurations.csv
          used (Mb) gc trigger (Mb) max used (Mb)
Ncells  541037 28.9    1186065 63.4  1186065 63.4
Vcells 1025623  7.9    8388608 64.0  8388608 64.0
✅ Success: Generated 
>> Generating: 

Attaching package: ‘igraph’

The following objects are masked from ‘package:stats’:

    decompose, spectrum

The following object is masked from ‘package:base’:

    union

STN-i metrics saved to: /home/imperialdramon/Tesis/STN-i/Experiments/PSO-X/Individuals/BL-32/STN-i-Metrics/BL-32-L3_stn_i_metrics_nodes.csv
STN-i metrics saved to: /home/imperialdramon/Tesis/STN-i/Experiments/PSO-X/Individuals/BL-32/STN-i-Metrics/BL-32-L3_stn_i_metrics_elite_nodes.csv
STN-i metrics saved to: /home/imperialdramon/Tesis/STN-i/Experiments/PSO-X/Individuals/BL-32/STN-i-Metrics/BL-32-L3_stn_i_metrics_configurations.csv
          used (Mb) gc trigger (Mb) max used (Mb)
Ncells  539799 28.9    1185585 63.4  1185585 63.4
Vcells 1016091  7.8    8388608 64.0  8388603 64.0
✅ Success: Generated 
>> Generating: 

Attaching package: ‘igraph’

The following objects are masked from ‘package:stats’:

    decompose, spectrum

The following object is masked from ‘package:base’:

    union

STN-i metrics saved to: /home/imperialdramon/Tesis/STN-i/Experiments/PSO-X/Individuals/BL-32/STN-i-Metrics/BL-32-L4_stn_i_metrics_nodes.csv
STN-i metrics saved to: /home/imperialdramon/Tesis/STN-i/Experiments/PSO-X/Individuals/BL-32/STN-i-Metrics/BL-32-L4_stn_i_metrics_elite_nodes.csv
STN-i metrics saved to: /home/imperialdramon/Tesis/STN-i/Experiments/PSO-X/Individuals/BL-32/STN-i-Metrics/BL-32-L4_stn_i_metrics_configurations.csv
          used (Mb) gc trigger (Mb) max used (Mb)
Ncells  538280 28.8    1199917 64.1  1199917 64.1
Vcells 1003696  7.7    8388608 64.0  8388604 64.0
✅ Success: Generated 
>> Generating: 

Attaching package: ‘igraph’

The following objects are masked from ‘package:stats’:

    decompose, spectrum

The following object is masked from ‘package:base’:

    union

STN-i metrics saved to: /home/imperialdramon/Tesis/STN-i/Experiments/PSO-X/Individuals/BL-32/STN-i-Metrics/BL-32-L5_stn_i_metrics_nodes.csv
STN-i metrics saved to: /home/imperialdramon/Tesis/STN-i/Experiments/PSO-X/Individuals/BL-32/STN-i-Metrics/BL-32-L5_stn_i_metrics_elite_nodes.csv
STN-i metrics saved to: /home/imperialdramon/Tesis/STN-i/Experiments/PSO-X/Individuals/BL-32/STN-i-Metrics/BL-32-L5_stn_i_metrics_configurations.csv
         used (Mb) gc trigger (Mb) max used (Mb)
Ncells 536460 28.7    1193417 63.8  1193417 63.8
Vcells 989868  7.6    8388608 64.0  8388607 64.0
✅ Success: Generated 
>> Generating: 

Attaching package: ‘igraph’

The following objects are masked from ‘package:stats’:

    decompose, spectrum

The following object is masked from ‘package:base’:

    union

STN-i metrics saved to: /home/imperialdramon/Tesis/STN-i/Experiments/PSO-X/Individuals/BH/STN-i-Metrics/BH-L0_stn_i_metrics_nodes.csv
STN-i metrics saved to: /home/imperialdramon/Tesis/STN-i/Experiments/PSO-X/Individuals/BH/STN-i-Metrics/BH-L0_stn_i_metrics_elite_nodes.csv
STN-i metrics saved to: /home/imperialdramon/Tesis/STN-i/Experiments/PSO-X/Individuals/BH/STN-i-Metrics/BH-L0_stn_i_metrics_configurations.csv
          used (Mb) gc trigger (Mb) max used (Mb)
Ncells  573190 30.7    1198631 64.1  1195348 63.9
Vcells 1272788  9.8    8388608 64.0  8388608 64.0
✅ Success: Generated 
>> Generating: 

Attaching package: ‘igraph’

The following objects are masked from ‘package:stats’:

    decompose, spectrum

The following object is masked from ‘package:base’:

    union

STN-i metrics saved to: /home/imperialdramon/Tesis/STN-i/Experiments/PSO-X/Individuals/BH/STN-i-Metrics/BH-L1_stn_i_metrics_nodes.csv
STN-i metrics saved to: /home/imperialdramon/Tesis/STN-i/Experiments/PSO-X/Individuals/BH/STN-i-Metrics/BH-L1_stn_i_metrics_elite_nodes.csv
STN-i metrics saved to: /home/imperialdramon/Tesis/STN-i/Experiments/PSO-X/Individuals/BH/STN-i-Metrics/BH-L1_stn_i_metrics_configurations.csv
          used (Mb) gc trigger (Mb) max used (Mb)
Ncells  573073 30.7    1198568 64.1  1185247 63.3
Vcells 1271847  9.8    8388608 64.0  8388604 64.0
✅ Success: Generated 
>> Generating: 

Attaching package: ‘igraph’

The following objects are masked from ‘package:stats’:

    decompose, spectrum

The following object is masked from ‘package:base’:

    union

STN-i metrics saved to: /home/imperialdramon/Tesis/STN-i/Experiments/PSO-X/Individuals/BH/STN-i-Metrics/BH-L2_stn_i_metrics_nodes.csv
STN-i metrics saved to: /home/imperialdramon/Tesis/STN-i/Experiments/PSO-X/Individuals/BH/STN-i-Metrics/BH-L2_stn_i_metrics_elite_nodes.csv
STN-i metrics saved to: /home/imperialdramon/Tesis/STN-i/Experiments/PSO-X/Individuals/BH/STN-i-Metrics/BH-L2_stn_i_metrics_configurations.csv
          used (Mb) gc trigger (Mb) max used (Mb)
Ncells  569760 30.5    1196257 63.9  1196257 63.9
Vcells 1243980  9.5    8388608 64.0  8388608 64.0
✅ Success: Generated 
>> Generating: 

Attaching package: ‘igraph’

The following objects are masked from ‘package:stats’:

    decompose, spectrum

The following object is masked from ‘package:base’:

    union

STN-i metrics saved to: /home/imperialdramon/Tesis/STN-i/Experiments/PSO-X/Individuals/BH/STN-i-Metrics/BH-L3_stn_i_metrics_nodes.csv
STN-i metrics saved to: /home/imperialdramon/Tesis/STN-i/Experiments/PSO-X/Individuals/BH/STN-i-Metrics/BH-L3_stn_i_metrics_elite_nodes.csv
STN-i metrics saved to: /home/imperialdramon/Tesis/STN-i/Experiments/PSO-X/Individuals/BH/STN-i-Metrics/BH-L3_stn_i_metrics_configurations.csv
          used (Mb) gc trigger (Mb) max used (Mb)
Ncells  562757 30.1    1200028 64.1  1200028 64.1
Vcells 1187917  9.1    8388608 64.0  8388606 64.0
✅ Success: Generated 
>> Generating: 

Attaching package: ‘igraph’

The following objects are masked from ‘package:stats’:

    decompose, spectrum

The following object is masked from ‘package:base’:

    union

STN-i metrics saved to: /home/imperialdramon/Tesis/STN-i/Experiments/PSO-X/Individuals/BH/STN-i-Metrics/BH-L4_stn_i_metrics_nodes.csv
STN-i metrics saved to: /home/imperialdramon/Tesis/STN-i/Experiments/PSO-X/Individuals/BH/STN-i-Metrics/BH-L4_stn_i_metrics_elite_nodes.csv
STN-i metrics saved to: /home/imperialdramon/Tesis/STN-i/Experiments/PSO-X/Individuals/BH/STN-i-Metrics/BH-L4_stn_i_metrics_configurations.csv
          used (Mb) gc trigger (Mb) max used (Mb)
Ncells  557769 29.8    1196594   64  1196594   64
Vcells 1145461  8.8    8388608   64  8388607   64
✅ Success: Generated 
>> Generating: 

Attaching package: ‘igraph’

The following objects are masked from ‘package:stats’:

    decompose, spectrum

The following object is masked from ‘package:base’:

    union

STN-i metrics saved to: /home/imperialdramon/Tesis/STN-i/Experiments/PSO-X/Individuals/BH/STN-i-Metrics/BH-L5_stn_i_metrics_nodes.csv
STN-i metrics saved to: /home/imperialdramon/Tesis/STN-i/Experiments/PSO-X/Individuals/BH/STN-i-Metrics/BH-L5_stn_i_metrics_elite_nodes.csv
STN-i metrics saved to: /home/imperialdramon/Tesis/STN-i/Experiments/PSO-X/Individuals/BH/STN-i-Metrics/BH-L5_stn_i_metrics_configurations.csv
          used (Mb) gc trigger (Mb) max used (Mb)
Ncells  552815 29.6    1193174 63.8  1193174 63.8
Vcells 1098493  8.4    8388608 64.0  8388608 64.0
✅ Success: Generated 
>> Generating: 

Attaching package: ‘igraph’

The following objects are masked from ‘package:stats’:

    decompose, spectrum

The following object is masked from ‘package:base’:

    union

STN-i metrics saved to: /home/imperialdramon/Tesis/STN-i/Experiments/PSO-X/Individuals/BH-65/STN-i-Metrics/BH-65-L0_stn_i_metrics_nodes.csv
STN-i metrics saved to: /home/imperialdramon/Tesis/STN-i/Experiments/PSO-X/Individuals/BH-65/STN-i-Metrics/BH-65-L0_stn_i_metrics_elite_nodes.csv
STN-i metrics saved to: /home/imperialdramon/Tesis/STN-i/Experiments/PSO-X/Individuals/BH-65/STN-i-Metrics/BH-65-L0_stn_i_metrics_configurations.csv
          used (Mb) gc trigger (Mb) max used (Mb)
Ncells  558885 29.9    1198680 64.1  1198680 64.1
Vcells 1156939  8.9    8388608 64.0  8388608 64.0
✅ Success: Generated 
>> Generating: 

Attaching package: ‘igraph’

The following objects are masked from ‘package:stats’:

    decompose, spectrum

The following object is masked from ‘package:base’:

    union

STN-i metrics saved to: /home/imperialdramon/Tesis/STN-i/Experiments/PSO-X/Individuals/BH-65/STN-i-Metrics/BH-65-L1_stn_i_metrics_nodes.csv
STN-i metrics saved to: /home/imperialdramon/Tesis/STN-i/Experiments/PSO-X/Individuals/BH-65/STN-i-Metrics/BH-65-L1_stn_i_metrics_elite_nodes.csv
STN-i metrics saved to: /home/imperialdramon/Tesis/STN-i/Experiments/PSO-X/Individuals/BH-65/STN-i-Metrics/BH-65-L1_stn_i_metrics_configurations.csv
          used (Mb) gc trigger (Mb) max used (Mb)
Ncells  558852 29.9    1198662 64.1  1178589   63
Vcells 1156628  8.9    8388608 64.0  8388588   64
✅ Success: Generated 
>> Generating: 

Attaching package: ‘igraph’

The following objects are masked from ‘package:stats’:

    decompose, spectrum

The following object is masked from ‘package:base’:

    union

STN-i metrics saved to: /home/imperialdramon/Tesis/STN-i/Experiments/PSO-X/Individuals/BH-65/STN-i-Metrics/BH-65-L2_stn_i_metrics_nodes.csv
STN-i metrics saved to: /home/imperialdramon/Tesis/STN-i/Experiments/PSO-X/Individuals/BH-65/STN-i-Metrics/BH-65-L2_stn_i_metrics_elite_nodes.csv
STN-i metrics saved to: /home/imperialdramon/Tesis/STN-i/Experiments/PSO-X/Individuals/BH-65/STN-i-Metrics/BH-65-L2_stn_i_metrics_configurations.csv
          used (Mb) gc trigger (Mb) max used (Mb)
Ncells  557130 29.8    1196677   64  1196677   64
Vcells 1142088  8.8    8388608   64  8388608   64
✅ Success: Generated 
>> Generating: 

Attaching package: ‘igraph’

The following objects are masked from ‘package:stats’:

    decompose, spectrum

The following object is masked from ‘package:base’:

    union

STN-i metrics saved to: /home/imperialdramon/Tesis/STN-i/Experiments/PSO-X/Individuals/BH-65/STN-i-Metrics/BH-65-L3_stn_i_metrics_nodes.csv
STN-i metrics saved to: /home/imperialdramon/Tesis/STN-i/Experiments/PSO-X/Individuals/BH-65/STN-i-Metrics/BH-65-L3_stn_i_metrics_elite_nodes.csv
STN-i metrics saved to: /home/imperialdramon/Tesis/STN-i/Experiments/PSO-X/Individuals/BH-65/STN-i-Metrics/BH-65-L3_stn_i_metrics_configurations.csv
          used (Mb) gc trigger (Mb) max used (Mb)
Ncells  552454 29.6    1193791 63.8  1193791 63.8
Vcells 1105396  8.5    8388608 64.0  8388606 64.0
✅ Success: Generated 
>> Generating: 

Attaching package: ‘igraph’

The following objects are masked from ‘package:stats’:

    decompose, spectrum

The following object is masked from ‘package:base’:

    union

STN-i metrics saved to: /home/imperialdramon/Tesis/STN-i/Experiments/PSO-X/Individuals/BH-65/STN-i-Metrics/BH-65-L4_stn_i_metrics_nodes.csv
STN-i metrics saved to: /home/imperialdramon/Tesis/STN-i/Experiments/PSO-X/Individuals/BH-65/STN-i-Metrics/BH-65-L4_stn_i_metrics_elite_nodes.csv
STN-i metrics saved to: /home/imperialdramon/Tesis/STN-i/Experiments/PSO-X/Individuals/BH-65/STN-i-Metrics/BH-65-L4_stn_i_metrics_configurations.csv
          used (Mb) gc trigger (Mb) max used (Mb)
Ncells  548890 29.4    1192742 63.7  1192742 63.7
Vcells 1076636  8.3    8388608 64.0  8388608 64.0
✅ Success: Generated 
>> Generating: 

Attaching package: ‘igraph’

The following objects are masked from ‘package:stats’:

    decompose, spectrum

The following object is masked from ‘package:base’:

    union

STN-i metrics saved to: /home/imperialdramon/Tesis/STN-i/Experiments/PSO-X/Individuals/BH-65/STN-i-Metrics/BH-65-L5_stn_i_metrics_nodes.csv
STN-i metrics saved to: /home/imperialdramon/Tesis/STN-i/Experiments/PSO-X/Individuals/BH-65/STN-i-Metrics/BH-65-L5_stn_i_metrics_elite_nodes.csv
STN-i metrics saved to: /home/imperialdramon/Tesis/STN-i/Experiments/PSO-X/Individuals/BH-65/STN-i-Metrics/BH-65-L5_stn_i_metrics_configurations.csv
          used (Mb) gc trigger (Mb) max used (Mb)
Ncells  545256 29.2    1186262 63.4  1186262 63.4
Vcells 1046696  8.0    8388608 64.0  8388597 64.0
✅ Success: Generated 
=== STN-i files generation finished at Wed Dec  3 21:36:13 -03 2025 ===
