=== STN-i data generation started at Thu Jun 25 20:01:57 -04 2026 ===
Mode: Individuals-Elites
=== Processing algorithm: PSO-X ===
>> Generating: 

Attaching package: ‘igraph’

The following objects are masked from ‘package:stats’:

    decompose, spectrum

The following object is masked from ‘package:base’:

    union


Attaching package: ‘dplyr’

The following objects are masked from ‘package:plyr’:

    arrange, count, desc, failwith, id, mutate, rename, summarise,
    summarize

The following objects are masked from ‘package:igraph’:

    as_data_frame, groups, union

The following objects are masked from ‘package:stats’:

    filter, lag

The following objects are masked from ‘package:base’:

    intersect, setdiff, setequal, union

          used (Mb) gc trigger (Mb) max used (Mb)
Ncells  656604 35.1    1299428 69.4  1299428 69.4
Vcells 1091199  8.4    8388608 64.0  1819238 13.9
Success: Generated 
>> Generating: 

Attaching package: ‘igraph’

The following objects are masked from ‘package:stats’:

    decompose, spectrum

The following object is masked from ‘package:base’:

    union


Attaching package: ‘dplyr’

The following objects are masked from ‘package:plyr’:

    arrange, count, desc, failwith, id, mutate, rename, summarise,
    summarize

The following objects are masked from ‘package:igraph’:

    as_data_frame, groups, union

The following objects are masked from ‘package:stats’:

    filter, lag

The following objects are masked from ‘package:base’:

    intersect, setdiff, setequal, union

          used (Mb) gc trigger (Mb) max used (Mb)
Ncells  656598 35.1    1299428 69.4  1299428 69.4
Vcells 1091167  8.4    8388608 64.0  1819238 13.9
Success: Generated 
>> Generating: 

Attaching package: ‘igraph’

The following objects are masked from ‘package:stats’:

    decompose, spectrum

The following object is masked from ‘package:base’:

    union


Attaching package: ‘dplyr’

The following objects are masked from ‘package:plyr’:

    arrange, count, desc, failwith, id, mutate, rename, summarise,
    summarize

The following objects are masked from ‘package:igraph’:

    as_data_frame, groups, union

The following objects are masked from ‘package:stats’:

    filter, lag

The following objects are masked from ‘package:base’:

    intersect, setdiff, setequal, union

          used (Mb) gc trigger (Mb) max used (Mb)
Ncells  656541 35.1    1299428 69.4  1299428 69.4
Vcells 1090832  8.4    8388608 64.0  1819238 13.9
Success: Generated 
>> Generating: 

Attaching package: ‘igraph’

The following objects are masked from ‘package:stats’:

    decompose, spectrum

The following object is masked from ‘package:base’:

    union


Attaching package: ‘dplyr’

The following objects are masked from ‘package:plyr’:

    arrange, count, desc, failwith, id, mutate, rename, summarise,
    summarize

The following objects are masked from ‘package:igraph’:

    as_data_frame, groups, union

The following objects are masked from ‘package:stats’:

    filter, lag

The following objects are masked from ‘package:base’:

    intersect, setdiff, setequal, union

          used (Mb) gc trigger (Mb) max used (Mb)
Ncells  656373 35.1    1299428 69.4  1299428 69.4
Vcells 1089883  8.4    8388608 64.0  1819238 13.9
Success: Generated 
>> Generating: 

Attaching package: ‘igraph’

The following objects are masked from ‘package:stats’:

    decompose, spectrum

The following object is masked from ‘package:base’:

    union


Attaching package: ‘dplyr’

The following objects are masked from ‘package:plyr’:

    arrange, count, desc, failwith, id, mutate, rename, summarise,
    summarize

The following objects are masked from ‘package:igraph’:

    as_data_frame, groups, union

The following objects are masked from ‘package:stats’:

    filter, lag

The following objects are masked from ‘package:base’:

    intersect, setdiff, setequal, union

          used (Mb) gc trigger (Mb) max used (Mb)
Ncells  656271 35.1    1299428 69.4  1299428 69.4
Vcells 1089188  8.4    8388608 64.0  1819238 13.9
Success: Generated 
>> Generating: 

Attaching package: ‘igraph’

The following objects are masked from ‘package:stats’:

    decompose, spectrum

The following object is masked from ‘package:base’:

    union


Attaching package: ‘dplyr’

The following objects are masked from ‘package:plyr’:

    arrange, count, desc, failwith, id, mutate, rename, summarise,
    summarize

The following objects are masked from ‘package:igraph’:

    as_data_frame, groups, union

The following objects are masked from ‘package:stats’:

    filter, lag

The following objects are masked from ‘package:base’:

    intersect, setdiff, setequal, union

          used (Mb) gc trigger (Mb) max used (Mb)
Ncells  656052 35.1    1299428 69.4  1299428 69.4
Vcells 1088019  8.4    8388608 64.0  1819238 13.9
Success: Generated 
>> Generating: 

Attaching package: ‘igraph’

The following objects are masked from ‘package:stats’:

    decompose, spectrum

The following object is masked from ‘package:base’:

    union


Attaching package: ‘dplyr’

The following objects are masked from ‘package:plyr’:

    arrange, count, desc, failwith, id, mutate, rename, summarise,
    summarize

The following objects are masked from ‘package:igraph’:

    as_data_frame, groups, union

The following objects are masked from ‘package:stats’:

    filter, lag

The following objects are masked from ‘package:base’:

    intersect, setdiff, setequal, union

          used (Mb) gc trigger (Mb) max used (Mb)
Ncells  657258 35.2    1299428 69.4  1299428 69.4
Vcells 1094323  8.4    8388608 64.0  1819238 13.9
Success: Generated 
>> Generating: 

Attaching package: ‘igraph’

The following objects are masked from ‘package:stats’:

    decompose, spectrum

The following object is masked from ‘package:base’:

    union


Attaching package: ‘dplyr’

The following objects are masked from ‘package:plyr’:

    arrange, count, desc, failwith, id, mutate, rename, summarise,
    summarize

The following objects are masked from ‘package:igraph’:

    as_data_frame, groups, union

The following objects are masked from ‘package:stats’:

    filter, lag

The following objects are masked from ‘package:base’:

    intersect, setdiff, setequal, union

          used (Mb) gc trigger (Mb) max used (Mb)
Ncells  657249 35.2    1299428 69.4  1299428 69.4
Vcells 1094272  8.4    8388608 64.0  1819238 13.9
Success: Generated 
>> Generating: 

Attaching package: ‘igraph’

The following objects are masked from ‘package:stats’:

    decompose, spectrum

The following object is masked from ‘package:base’:

    union


Attaching package: ‘dplyr’

The following objects are masked from ‘package:plyr’:

    arrange, count, desc, failwith, id, mutate, rename, summarise,
    summarize

The following objects are masked from ‘package:igraph’:

    as_data_frame, groups, union

The following objects are masked from ‘package:stats’:

    filter, lag

The following objects are masked from ‘package:base’:

    intersect, setdiff, setequal, union

          used (Mb) gc trigger (Mb) max used (Mb)
Ncells  657126 35.1    1299428 69.4  1299428 69.4
Vcells 1093574  8.4    8388608 64.0  1850065 14.2
Success: Generated 
>> Generating: 

Attaching package: ‘igraph’

The following objects are masked from ‘package:stats’:

    decompose, spectrum

The following object is masked from ‘package:base’:

    union


Attaching package: ‘dplyr’

The following objects are masked from ‘package:plyr’:

    arrange, count, desc, failwith, id, mutate, rename, summarise,
    summarize

The following objects are masked from ‘package:igraph’:

    as_data_frame, groups, union

The following objects are masked from ‘package:stats’:

    filter, lag

The following objects are masked from ‘package:base’:

    intersect, setdiff, setequal, union

          used (Mb) gc trigger (Mb) max used (Mb)
Ncells  656838 35.1    1299428 69.4  1299428 69.4
Vcells 1091999  8.4    8388608 64.0  1819238 13.9
Success: Generated 
>> Generating: 

Attaching package: ‘igraph’

The following objects are masked from ‘package:stats’:

    decompose, spectrum

The following object is masked from ‘package:base’:

    union


Attaching package: ‘dplyr’

The following objects are masked from ‘package:plyr’:

    arrange, count, desc, failwith, id, mutate, rename, summarise,
    summarize

The following objects are masked from ‘package:igraph’:

    as_data_frame, groups, union

The following objects are masked from ‘package:stats’:

    filter, lag

The following objects are masked from ‘package:base’:

    intersect, setdiff, setequal, union

          used (Mb) gc trigger (Mb) max used (Mb)
Ncells  656637 35.1    1299428 69.4  1299428 69.4
Vcells 1090873  8.4    8388608 64.0  1819238 13.9
Success: Generated 
>> Generating: 

Attaching package: ‘igraph’

The following objects are masked from ‘package:stats’:

    decompose, spectrum

The following object is masked from ‘package:base’:

    union


Attaching package: ‘dplyr’

The following objects are masked from ‘package:plyr’:

    arrange, count, desc, failwith, id, mutate, rename, summarise,
    summarize

The following objects are masked from ‘package:igraph’:

    as_data_frame, groups, union

The following objects are masked from ‘package:stats’:

    filter, lag

The following objects are masked from ‘package:base’:

    intersect, setdiff, setequal, union

          used (Mb) gc trigger (Mb) max used (Mb)
Ncells  656367 35.1    1299428 69.4  1299428 69.4
Vcells 1089397  8.4    8388608 64.0  1819238 13.9
Success: Generated 
>> Generating: 

Attaching package: ‘igraph’

The following objects are masked from ‘package:stats’:

    decompose, spectrum

The following object is masked from ‘package:base’:

    union


Attaching package: ‘dplyr’

The following objects are masked from ‘package:plyr’:

    arrange, count, desc, failwith, id, mutate, rename, summarise,
    summarize

The following objects are masked from ‘package:igraph’:

    as_data_frame, groups, union

The following objects are masked from ‘package:stats’:

    filter, lag

The following objects are masked from ‘package:base’:

    intersect, setdiff, setequal, union

          used (Mb) gc trigger (Mb) max used (Mb)
Ncells  656814 35.1    1299428 69.4  1299428 69.4
Vcells 1092197  8.4    8388608 64.0  1819238 13.9
Success: Generated 
>> Generating: 

Attaching package: ‘igraph’

The following objects are masked from ‘package:stats’:

    decompose, spectrum

The following object is masked from ‘package:base’:

    union


Attaching package: ‘dplyr’

The following objects are masked from ‘package:plyr’:

    arrange, count, desc, failwith, id, mutate, rename, summarise,
    summarize

The following objects are masked from ‘package:igraph’:

    as_data_frame, groups, union

The following objects are masked from ‘package:stats’:

    filter, lag

The following objects are masked from ‘package:base’:

    intersect, setdiff, setequal, union

          used (Mb) gc trigger (Mb) max used (Mb)
Ncells  656808 35.1    1299428 69.4  1299428 69.4
Vcells 1092154  8.4    8388608 64.0  1819238 13.9
Success: Generated 
>> Generating: 

Attaching package: ‘igraph’

The following objects are masked from ‘package:stats’:

    decompose, spectrum

The following object is masked from ‘package:base’:

    union


Attaching package: ‘dplyr’

The following objects are masked from ‘package:plyr’:

    arrange, count, desc, failwith, id, mutate, rename, summarise,
    summarize

The following objects are masked from ‘package:igraph’:

    as_data_frame, groups, union

The following objects are masked from ‘package:stats’:

    filter, lag

The following objects are masked from ‘package:base’:

    intersect, setdiff, setequal, union

          used (Mb) gc trigger (Mb) max used (Mb)
Ncells  656703 35.1    1299428 69.4  1299428 69.4
Vcells 1091550  8.4    8388608 64.0  1819238 13.9
Success: Generated 
>> Generating: 

Attaching package: ‘igraph’

The following objects are masked from ‘package:stats’:

    decompose, spectrum

The following object is masked from ‘package:base’:

    union


Attaching package: ‘dplyr’

The following objects are masked from ‘package:plyr’:

    arrange, count, desc, failwith, id, mutate, rename, summarise,
    summarize

The following objects are masked from ‘package:igraph’:

    as_data_frame, groups, union

The following objects are masked from ‘package:stats’:

    filter, lag

The following objects are masked from ‘package:base’:

    intersect, setdiff, setequal, union

          used (Mb) gc trigger (Mb) max used (Mb)
Ncells  656349 35.1    1299428 69.4  1299428 69.4
Vcells 1089538  8.4    8388608 64.0  1819238 13.9
Success: Generated 
>> Generating: 

Attaching package: ‘igraph’

The following objects are masked from ‘package:stats’:

    decompose, spectrum

The following object is masked from ‘package:base’:

    union


Attaching package: ‘dplyr’

The following objects are masked from ‘package:plyr’:

    arrange, count, desc, failwith, id, mutate, rename, summarise,
    summarize

The following objects are masked from ‘package:igraph’:

    as_data_frame, groups, union

The following objects are masked from ‘package:stats’:

    filter, lag

The following objects are masked from ‘package:base’:

    intersect, setdiff, setequal, union

          used (Mb) gc trigger (Mb) max used (Mb)
Ncells  656154 35.1    1299428 69.4  1299428 69.4
Vcells 1088393  8.4    8388608 64.0  1819238 13.9
Success: Generated 
>> Generating: 

Attaching package: ‘igraph’

The following objects are masked from ‘package:stats’:

    decompose, spectrum

The following object is masked from ‘package:base’:

    union


Attaching package: ‘dplyr’

The following objects are masked from ‘package:plyr’:

    arrange, count, desc, failwith, id, mutate, rename, summarise,
    summarize

The following objects are masked from ‘package:igraph’:

    as_data_frame, groups, union

The following objects are masked from ‘package:stats’:

    filter, lag

The following objects are masked from ‘package:base’:

    intersect, setdiff, setequal, union

          used (Mb) gc trigger (Mb) max used (Mb)
Ncells  655881 35.1    1299428 69.4  1299428 69.4
Vcells 1087017  8.3    8388608 64.0  1819238 13.9
Success: Generated 
>> Generating: 

Attaching package: ‘igraph’

The following objects are masked from ‘package:stats’:

    decompose, spectrum

The following object is masked from ‘package:base’:

    union


Attaching package: ‘dplyr’

The following objects are masked from ‘package:plyr’:

    arrange, count, desc, failwith, id, mutate, rename, summarise,
    summarize

The following objects are masked from ‘package:igraph’:

    as_data_frame, groups, union

The following objects are masked from ‘package:stats’:

    filter, lag

The following objects are masked from ‘package:base’:

    intersect, setdiff, setequal, union

          used (Mb) gc trigger (Mb) max used (Mb)
Ncells  657267 35.2    1299428 69.4  1299428 69.4
Vcells 1094467  8.4    8388608 64.0  1819238 13.9
Success: Generated 
>> Generating: 

Attaching package: ‘igraph’

The following objects are masked from ‘package:stats’:

    decompose, spectrum

The following object is masked from ‘package:base’:

    union


Attaching package: ‘dplyr’

The following objects are masked from ‘package:plyr’:

    arrange, count, desc, failwith, id, mutate, rename, summarise,
    summarize

The following objects are masked from ‘package:igraph’:

    as_data_frame, groups, union

The following objects are masked from ‘package:stats’:

    filter, lag

The following objects are masked from ‘package:base’:

    intersect, setdiff, setequal, union

          used (Mb) gc trigger (Mb) max used (Mb)
Ncells  657267 35.2    1299428 69.4  1299428 69.4
Vcells 1094467  8.4    8388608 64.0  1819238 13.9
Success: Generated 
>> Generating: 

Attaching package: ‘igraph’

The following objects are masked from ‘package:stats’:

    decompose, spectrum

The following object is masked from ‘package:base’:

    union


Attaching package: ‘dplyr’

The following objects are masked from ‘package:plyr’:

    arrange, count, desc, failwith, id, mutate, rename, summarise,
    summarize

The following objects are masked from ‘package:igraph’:

    as_data_frame, groups, union

The following objects are masked from ‘package:stats’:

    filter, lag

The following objects are masked from ‘package:base’:

    intersect, setdiff, setequal, union

          used (Mb) gc trigger (Mb) max used (Mb)
Ncells  657078 35.1    1299428 69.4  1299428 69.4
Vcells 1093360  8.4    8388608 64.0  1819238 13.9
Success: Generated 
>> Generating: 

Attaching package: ‘igraph’

The following objects are masked from ‘package:stats’:

    decompose, spectrum

The following object is masked from ‘package:base’:

    union


Attaching package: ‘dplyr’

The following objects are masked from ‘package:plyr’:

    arrange, count, desc, failwith, id, mutate, rename, summarise,
    summarize

The following objects are masked from ‘package:igraph’:

    as_data_frame, groups, union

The following objects are masked from ‘package:stats’:

    filter, lag

The following objects are masked from ‘package:base’:

    intersect, setdiff, setequal, union

          used (Mb) gc trigger (Mb) max used (Mb)
Ncells  656589 35.1    1299428 69.4  1299428 69.4
Vcells 1090621  8.4    8388608 64.0  1819238 13.9
Success: Generated 
>> Generating: 

Attaching package: ‘igraph’

The following objects are masked from ‘package:stats’:

    decompose, spectrum

The following object is masked from ‘package:base’:

    union


Attaching package: ‘dplyr’

The following objects are masked from ‘package:plyr’:

    arrange, count, desc, failwith, id, mutate, rename, summarise,
    summarize

The following objects are masked from ‘package:igraph’:

    as_data_frame, groups, union

The following objects are masked from ‘package:stats’:

    filter, lag

The following objects are masked from ‘package:base’:

    intersect, setdiff, setequal, union

          used (Mb) gc trigger (Mb) max used (Mb)
Ncells  656364 35.1    1299428 69.4  1299428 69.4
Vcells 1089368  8.4    8388608 64.0  1819238 13.9
Success: Generated 
>> Generating: 

Attaching package: ‘igraph’

The following objects are masked from ‘package:stats’:

    decompose, spectrum

The following object is masked from ‘package:base’:

    union


Attaching package: ‘dplyr’

The following objects are masked from ‘package:plyr’:

    arrange, count, desc, failwith, id, mutate, rename, summarise,
    summarize

The following objects are masked from ‘package:igraph’:

    as_data_frame, groups, union

The following objects are masked from ‘package:stats’:

    filter, lag

The following objects are masked from ‘package:base’:

    intersect, setdiff, setequal, union

          used (Mb) gc trigger (Mb) max used (Mb)
Ncells  656142 35.1    1299428 69.4  1299428 69.4
Vcells 1088188  8.4    8388608 64.0  1819238 13.9
Success: Generated 
=== STN-i files generation finished at Thu Jun 25 20:02:29 -04 2026 ===
