=== STN-i data generation started at Wed Apr  8 10:34:18 -04 2026 ===
Mode: Individuals-Elites
=== Processing algorithm: ACOTSP ===
>> Generating: 

Attaching package: ‘igraph’

The following objects are masked from ‘package:stats’:

    decompose, spectrum

The following object is masked from ‘package:base’:

    union

STN-i metrics saved to: Experiments/ACOTSP/Individuals-Elites/BL/STN-i-Metrics/BL-L0_stn_i_metrics_nodes.csv
STN-i metrics saved to: Experiments/ACOTSP/Individuals-Elites/BL/STN-i-Metrics/BL-L0_stn_i_metrics_elite_nodes.csv
STN-i metrics saved to: Experiments/ACOTSP/Individuals-Elites/BL/STN-i-Metrics/BL-L0_stn_i_metrics_configurations.csv
         used (Mb) gc trigger (Mb) max used (Mb)
Ncells 527307 28.2    1173797 62.7   665588 35.6
Vcells 929536  7.1    8388608 64.0  2766041 21.2
Success: Generated 
>> Generating: 

Attaching package: ‘igraph’

The following objects are masked from ‘package:stats’:

    decompose, spectrum

The following object is masked from ‘package:base’:

    union

STN-i metrics saved to: /home/imperialdramon/Tesis/STN-i/Experiments/ACOTSP/Individuals-Elites/BL/STN-i-Metrics/BL-L1_stn_i_metrics_nodes.csv
STN-i metrics saved to: /home/imperialdramon/Tesis/STN-i/Experiments/ACOTSP/Individuals-Elites/BL/STN-i-Metrics/BL-L1_stn_i_metrics_elite_nodes.csv
STN-i metrics saved to: /home/imperialdramon/Tesis/STN-i/Experiments/ACOTSP/Individuals-Elites/BL/STN-i-Metrics/BL-L1_stn_i_metrics_configurations.csv
         used (Mb) gc trigger (Mb) max used (Mb)
Ncells 527307 28.2    1173797 62.7   665588 35.6
Vcells 929536  7.1    8388608 64.0  2770336 21.2
Success: Generated 
>> Generating: 

Attaching package: ‘igraph’

The following objects are masked from ‘package:stats’:

    decompose, spectrum

The following object is masked from ‘package:base’:

    union

STN-i metrics saved to: /home/imperialdramon/Tesis/STN-i/Experiments/ACOTSP/Individuals-Elites/BL/STN-i-Metrics/BL-L2_stn_i_metrics_nodes.csv
STN-i metrics saved to: /home/imperialdramon/Tesis/STN-i/Experiments/ACOTSP/Individuals-Elites/BL/STN-i-Metrics/BL-L2_stn_i_metrics_elite_nodes.csv
STN-i metrics saved to: /home/imperialdramon/Tesis/STN-i/Experiments/ACOTSP/Individuals-Elites/BL/STN-i-Metrics/BL-L2_stn_i_metrics_configurations.csv
         used (Mb) gc trigger (Mb) max used (Mb)
Ncells 527286 28.2    1173737 62.7   665588 35.6
Vcells 929414  7.1    8388608 64.0  2755993 21.1
Success: Generated 
>> Generating: 

Attaching package: ‘igraph’

The following objects are masked from ‘package:stats’:

    decompose, spectrum

The following object is masked from ‘package:base’:

    union

STN-i metrics saved to: /home/imperialdramon/Tesis/STN-i/Experiments/ACOTSP/Individuals-Elites/BL/STN-i-Metrics/BL-L3_stn_i_metrics_nodes.csv
STN-i metrics saved to: /home/imperialdramon/Tesis/STN-i/Experiments/ACOTSP/Individuals-Elites/BL/STN-i-Metrics/BL-L3_stn_i_metrics_elite_nodes.csv
STN-i metrics saved to: /home/imperialdramon/Tesis/STN-i/Experiments/ACOTSP/Individuals-Elites/BL/STN-i-Metrics/BL-L3_stn_i_metrics_configurations.csv
         used (Mb) gc trigger (Mb) max used (Mb)
Ncells 527276 28.2    1173708 62.7   665588 35.6
Vcells 929340  7.1    8388608 64.0  2776222 21.2
Success: Generated 
>> Generating: 

Attaching package: ‘igraph’

The following objects are masked from ‘package:stats’:

    decompose, spectrum

The following object is masked from ‘package:base’:

    union

STN-i metrics saved to: /home/imperialdramon/Tesis/STN-i/Experiments/ACOTSP/Individuals-Elites/BL/STN-i-Metrics/BL-L4_stn_i_metrics_nodes.csv
STN-i metrics saved to: /home/imperialdramon/Tesis/STN-i/Experiments/ACOTSP/Individuals-Elites/BL/STN-i-Metrics/BL-L4_stn_i_metrics_elite_nodes.csv
STN-i metrics saved to: /home/imperialdramon/Tesis/STN-i/Experiments/ACOTSP/Individuals-Elites/BL/STN-i-Metrics/BL-L4_stn_i_metrics_configurations.csv
         used (Mb) gc trigger (Mb) max used (Mb)
Ncells 527068 28.2    1173114 62.7   665588 35.6
Vcells 928028  7.1    8388608 64.0  2692291 20.6
Success: Generated 
>> Generating: 

Attaching package: ‘igraph’

The following objects are masked from ‘package:stats’:

    decompose, spectrum

The following object is masked from ‘package:base’:

    union

STN-i metrics saved to: /home/imperialdramon/Tesis/STN-i/Experiments/ACOTSP/Individuals-Elites/BL/STN-i-Metrics/BL-L5_stn_i_metrics_nodes.csv
STN-i metrics saved to: /home/imperialdramon/Tesis/STN-i/Experiments/ACOTSP/Individuals-Elites/BL/STN-i-Metrics/BL-L5_stn_i_metrics_elite_nodes.csv
STN-i metrics saved to: /home/imperialdramon/Tesis/STN-i/Experiments/ACOTSP/Individuals-Elites/BL/STN-i-Metrics/BL-L5_stn_i_metrics_configurations.csv
         used (Mb) gc trigger (Mb) max used (Mb)
Ncells 526717 28.2    1172111 62.6   665588 35.6
Vcells 925819  7.1    8388608 64.0  2605908 19.9
Success: Generated 
>> Generating: 

Attaching package: ‘igraph’

The following objects are masked from ‘package:stats’:

    decompose, spectrum

The following object is masked from ‘package:base’:

    union

STN-i metrics saved to: Experiments/ACOTSP/Individuals-Elites/BL-45/STN-i-Metrics/BL-45-L0_stn_i_metrics_nodes.csv
STN-i metrics saved to: Experiments/ACOTSP/Individuals-Elites/BL-45/STN-i-Metrics/BL-45-L0_stn_i_metrics_elite_nodes.csv
STN-i metrics saved to: Experiments/ACOTSP/Individuals-Elites/BL-45/STN-i-Metrics/BL-45-L0_stn_i_metrics_configurations.csv
         used (Mb) gc trigger (Mb) max used (Mb)
Ncells 523371   28    1192391 63.7   669843 35.8
Vcells 905172    7    8388608 64.0  2994802 22.9
Success: Generated 
>> Generating: 

Attaching package: ‘igraph’

The following objects are masked from ‘package:stats’:

    decompose, spectrum

The following object is masked from ‘package:base’:

    union

STN-i metrics saved to: /home/imperialdramon/Tesis/STN-i/Experiments/ACOTSP/Individuals-Elites/BL-45/STN-i-Metrics/BL-45-L1_stn_i_metrics_nodes.csv
STN-i metrics saved to: /home/imperialdramon/Tesis/STN-i/Experiments/ACOTSP/Individuals-Elites/BL-45/STN-i-Metrics/BL-45-L1_stn_i_metrics_elite_nodes.csv
STN-i metrics saved to: /home/imperialdramon/Tesis/STN-i/Experiments/ACOTSP/Individuals-Elites/BL-45/STN-i-Metrics/BL-45-L1_stn_i_metrics_configurations.csv
         used (Mb) gc trigger (Mb) max used (Mb)
Ncells 523371   28    1192357 63.7   670686 35.9
Vcells 905172    7    8388608 64.0  2985518 22.8
Success: Generated 
>> Generating: 

Attaching package: ‘igraph’

The following objects are masked from ‘package:stats’:

    decompose, spectrum

The following object is masked from ‘package:base’:

    union

STN-i metrics saved to: /home/imperialdramon/Tesis/STN-i/Experiments/ACOTSP/Individuals-Elites/BL-45/STN-i-Metrics/BL-45-L2_stn_i_metrics_nodes.csv
STN-i metrics saved to: /home/imperialdramon/Tesis/STN-i/Experiments/ACOTSP/Individuals-Elites/BL-45/STN-i-Metrics/BL-45-L2_stn_i_metrics_elite_nodes.csv
STN-i metrics saved to: /home/imperialdramon/Tesis/STN-i/Experiments/ACOTSP/Individuals-Elites/BL-45/STN-i-Metrics/BL-45-L2_stn_i_metrics_configurations.csv
         used (Mb) gc trigger (Mb) max used (Mb)
Ncells 523351   28    1184494 63.3   891785 47.7
Vcells 905037    7    8388608 64.0  2972763 22.7
Success: Generated 
>> Generating: 

Attaching package: ‘igraph’

The following objects are masked from ‘package:stats’:

    decompose, spectrum

The following object is masked from ‘package:base’:

    union

STN-i metrics saved to: /home/imperialdramon/Tesis/STN-i/Experiments/ACOTSP/Individuals-Elites/BL-45/STN-i-Metrics/BL-45-L3_stn_i_metrics_nodes.csv
STN-i metrics saved to: /home/imperialdramon/Tesis/STN-i/Experiments/ACOTSP/Individuals-Elites/BL-45/STN-i-Metrics/BL-45-L3_stn_i_metrics_elite_nodes.csv
STN-i metrics saved to: /home/imperialdramon/Tesis/STN-i/Experiments/ACOTSP/Individuals-Elites/BL-45/STN-i-Metrics/BL-45-L3_stn_i_metrics_configurations.csv
         used (Mb) gc trigger (Mb) max used (Mb)
Ncells 528008 28.2    1175800 62.8   665588 35.6
Vcells 934060  7.2    8388608 64.0  2971865 22.7
Success: Generated 
>> Generating: 

Attaching package: ‘igraph’

The following objects are masked from ‘package:stats’:

    decompose, spectrum

The following object is masked from ‘package:base’:

    union

STN-i metrics saved to: /home/imperialdramon/Tesis/STN-i/Experiments/ACOTSP/Individuals-Elites/BL-45/STN-i-Metrics/BL-45-L4_stn_i_metrics_nodes.csv
STN-i metrics saved to: /home/imperialdramon/Tesis/STN-i/Experiments/ACOTSP/Individuals-Elites/BL-45/STN-i-Metrics/BL-45-L4_stn_i_metrics_elite_nodes.csv
STN-i metrics saved to: /home/imperialdramon/Tesis/STN-i/Experiments/ACOTSP/Individuals-Elites/BL-45/STN-i-Metrics/BL-45-L4_stn_i_metrics_configurations.csv
         used (Mb) gc trigger (Mb) max used (Mb)
Ncells 527550 28.2    1174491 62.8   665588 35.6
Vcells 931150  7.2    8388608 64.0  2795828 21.4
Success: Generated 
>> Generating: 

Attaching package: ‘igraph’

The following objects are masked from ‘package:stats’:

    decompose, spectrum

The following object is masked from ‘package:base’:

    union

STN-i metrics saved to: /home/imperialdramon/Tesis/STN-i/Experiments/ACOTSP/Individuals-Elites/BL-45/STN-i-Metrics/BL-45-L5_stn_i_metrics_nodes.csv
STN-i metrics saved to: /home/imperialdramon/Tesis/STN-i/Experiments/ACOTSP/Individuals-Elites/BL-45/STN-i-Metrics/BL-45-L5_stn_i_metrics_elite_nodes.csv
STN-i metrics saved to: /home/imperialdramon/Tesis/STN-i/Experiments/ACOTSP/Individuals-Elites/BL-45/STN-i-Metrics/BL-45-L5_stn_i_metrics_configurations.csv
         used (Mb) gc trigger (Mb) max used (Mb)
Ncells 527103 28.2    1173214 62.7   665588 35.6
Vcells 928289  7.1    8388608 64.0  2708520 20.7
Success: Generated 
>> Generating: 

Attaching package: ‘igraph’

The following objects are masked from ‘package:stats’:

    decompose, spectrum

The following object is masked from ‘package:base’:

    union

STN-i metrics saved to: Experiments/ACOTSP/Individuals-Elites/BH/STN-i-Metrics/BH-L0_stn_i_metrics_nodes.csv
STN-i metrics saved to: Experiments/ACOTSP/Individuals-Elites/BH/STN-i-Metrics/BH-L0_stn_i_metrics_elite_nodes.csv
STN-i metrics saved to: Experiments/ACOTSP/Individuals-Elites/BH/STN-i-Metrics/BH-L0_stn_i_metrics_configurations.csv
         used (Mb) gc trigger (Mb) max used (Mb)
Ncells 523249   28    1181622 63.2  1181622 63.2
Vcells 904486    7    8388608 64.0  2940745 22.5
Success: Generated 
>> Generating: 

Attaching package: ‘igraph’

The following objects are masked from ‘package:stats’:

    decompose, spectrum

The following object is masked from ‘package:base’:

    union

STN-i metrics saved to: /home/imperialdramon/Tesis/STN-i/Experiments/ACOTSP/Individuals-Elites/BH/STN-i-Metrics/BH-L1_stn_i_metrics_nodes.csv
STN-i metrics saved to: /home/imperialdramon/Tesis/STN-i/Experiments/ACOTSP/Individuals-Elites/BH/STN-i-Metrics/BH-L1_stn_i_metrics_elite_nodes.csv
STN-i metrics saved to: /home/imperialdramon/Tesis/STN-i/Experiments/ACOTSP/Individuals-Elites/BH/STN-i-Metrics/BH-L1_stn_i_metrics_configurations.csv
         used (Mb) gc trigger (Mb) max used (Mb)
Ncells 528184 28.3    1181691 63.2  1181691 63.2
Vcells 935087  7.2    8388608 64.0  2933109 22.4
Success: Generated 
>> Generating: 

Attaching package: ‘igraph’

The following objects are masked from ‘package:stats’:

    decompose, spectrum

The following object is masked from ‘package:base’:

    union

STN-i metrics saved to: /home/imperialdramon/Tesis/STN-i/Experiments/ACOTSP/Individuals-Elites/BH/STN-i-Metrics/BH-L2_stn_i_metrics_nodes.csv
STN-i metrics saved to: /home/imperialdramon/Tesis/STN-i/Experiments/ACOTSP/Individuals-Elites/BH/STN-i-Metrics/BH-L2_stn_i_metrics_elite_nodes.csv
STN-i metrics saved to: /home/imperialdramon/Tesis/STN-i/Experiments/ACOTSP/Individuals-Elites/BH/STN-i-Metrics/BH-L2_stn_i_metrics_configurations.csv
         used (Mb) gc trigger (Mb) max used (Mb)
Ncells 523215 28.0    1181422 63.1  1129862 60.4
Vcells 904237  6.9    8388608 64.0  2906536 22.2
Success: Generated 
>> Generating: 

Attaching package: ‘igraph’

The following objects are masked from ‘package:stats’:

    decompose, spectrum

The following object is masked from ‘package:base’:

    union

STN-i metrics saved to: /home/imperialdramon/Tesis/STN-i/Experiments/ACOTSP/Individuals-Elites/BH/STN-i-Metrics/BH-L3_stn_i_metrics_nodes.csv
STN-i metrics saved to: /home/imperialdramon/Tesis/STN-i/Experiments/ACOTSP/Individuals-Elites/BH/STN-i-Metrics/BH-L3_stn_i_metrics_elite_nodes.csv
STN-i metrics saved to: /home/imperialdramon/Tesis/STN-i/Experiments/ACOTSP/Individuals-Elites/BH/STN-i-Metrics/BH-L3_stn_i_metrics_configurations.csv
         used (Mb) gc trigger (Mb) max used (Mb)
Ncells 523161 28.0    1181491 63.1  1119468 59.8
Vcells 903860  6.9    8388608 64.0  2896734 22.2
Success: Generated 
>> Generating: 

Attaching package: ‘igraph’

The following objects are masked from ‘package:stats’:

    decompose, spectrum

The following object is masked from ‘package:base’:

    union

STN-i metrics saved to: /home/imperialdramon/Tesis/STN-i/Experiments/ACOTSP/Individuals-Elites/BH/STN-i-Metrics/BH-L4_stn_i_metrics_nodes.csv
STN-i metrics saved to: /home/imperialdramon/Tesis/STN-i/Experiments/ACOTSP/Individuals-Elites/BH/STN-i-Metrics/BH-L4_stn_i_metrics_elite_nodes.csv
STN-i metrics saved to: /home/imperialdramon/Tesis/STN-i/Experiments/ACOTSP/Individuals-Elites/BH/STN-i-Metrics/BH-L4_stn_i_metrics_configurations.csv
         used (Mb) gc trigger (Mb) max used (Mb)
Ncells 527630 28.2    1174720 62.8   665588 35.6
Vcells 931582  7.2    8388608 64.0  2826594 21.6
Success: Generated 
>> Generating: 

Attaching package: ‘igraph’

The following objects are masked from ‘package:stats’:

    decompose, spectrum

The following object is masked from ‘package:base’:

    union

STN-i metrics saved to: /home/imperialdramon/Tesis/STN-i/Experiments/ACOTSP/Individuals-Elites/BH/STN-i-Metrics/BH-L5_stn_i_metrics_nodes.csv
STN-i metrics saved to: /home/imperialdramon/Tesis/STN-i/Experiments/ACOTSP/Individuals-Elites/BH/STN-i-Metrics/BH-L5_stn_i_metrics_elite_nodes.csv
STN-i metrics saved to: /home/imperialdramon/Tesis/STN-i/Experiments/ACOTSP/Individuals-Elites/BH/STN-i-Metrics/BH-L5_stn_i_metrics_configurations.csv
         used (Mb) gc trigger (Mb) max used (Mb)
Ncells 526926 28.2    1172708 62.7   665588 35.6
Vcells 927126  7.1    8388608 64.0  2648929 20.3
Success: Generated 
>> Generating: 

Attaching package: ‘igraph’

The following objects are masked from ‘package:stats’:

    decompose, spectrum

The following object is masked from ‘package:base’:

    union

STN-i metrics saved to: Experiments/ACOTSP/Individuals-Elites/BH-90/STN-i-Metrics/BH-90-L0_stn_i_metrics_nodes.csv
STN-i metrics saved to: Experiments/ACOTSP/Individuals-Elites/BH-90/STN-i-Metrics/BH-90-L0_stn_i_metrics_elite_nodes.csv
STN-i metrics saved to: Experiments/ACOTSP/Individuals-Elites/BH-90/STN-i-Metrics/BH-90-L0_stn_i_metrics_configurations.csv
         used (Mb) gc trigger (Mb) max used (Mb)
Ncells 530330 28.4    1185985 63.4  1185985 63.4
Vcells 949038  7.3    8388608 64.0  8388413 64.0
Success: Generated 
>> Generating: 

Attaching package: ‘igraph’

The following objects are masked from ‘package:stats’:

    decompose, spectrum

The following object is masked from ‘package:base’:

    union

STN-i metrics saved to: /home/imperialdramon/Tesis/STN-i/Experiments/ACOTSP/Individuals-Elites/BH-90/STN-i-Metrics/BH-90-L1_stn_i_metrics_nodes.csv
STN-i metrics saved to: /home/imperialdramon/Tesis/STN-i/Experiments/ACOTSP/Individuals-Elites/BH-90/STN-i-Metrics/BH-90-L1_stn_i_metrics_elite_nodes.csv
STN-i metrics saved to: /home/imperialdramon/Tesis/STN-i/Experiments/ACOTSP/Individuals-Elites/BH-90/STN-i-Metrics/BH-90-L1_stn_i_metrics_configurations.csv
         used (Mb) gc trigger (Mb) max used (Mb)
Ncells 530333 28.4    1186100 63.4  1186100 63.4
Vcells 949043  7.3    8388608 64.0  6729359 51.4
Success: Generated 
>> Generating: 

Attaching package: ‘igraph’

The following objects are masked from ‘package:stats’:

    decompose, spectrum

The following object is masked from ‘package:base’:

    union

STN-i metrics saved to: /home/imperialdramon/Tesis/STN-i/Experiments/ACOTSP/Individuals-Elites/BH-90/STN-i-Metrics/BH-90-L2_stn_i_metrics_nodes.csv
STN-i metrics saved to: /home/imperialdramon/Tesis/STN-i/Experiments/ACOTSP/Individuals-Elites/BH-90/STN-i-Metrics/BH-90-L2_stn_i_metrics_elite_nodes.csv
STN-i metrics saved to: /home/imperialdramon/Tesis/STN-i/Experiments/ACOTSP/Individuals-Elites/BH-90/STN-i-Metrics/BH-90-L2_stn_i_metrics_configurations.csv
         used (Mb) gc trigger (Mb) max used (Mb)
Ncells 530064 28.4    1186340 63.4  1186340 63.4
Vcells 947303  7.3    8388608 64.0  3415713 26.1
Success: Generated 
>> Generating: 

Attaching package: ‘igraph’

The following objects are masked from ‘package:stats’:

    decompose, spectrum

The following object is masked from ‘package:base’:

    union

STN-i metrics saved to: /home/imperialdramon/Tesis/STN-i/Experiments/ACOTSP/Individuals-Elites/BH-90/STN-i-Metrics/BH-90-L3_stn_i_metrics_nodes.csv
STN-i metrics saved to: /home/imperialdramon/Tesis/STN-i/Experiments/ACOTSP/Individuals-Elites/BH-90/STN-i-Metrics/BH-90-L3_stn_i_metrics_elite_nodes.csv
STN-i metrics saved to: /home/imperialdramon/Tesis/STN-i/Experiments/ACOTSP/Individuals-Elites/BH-90/STN-i-Metrics/BH-90-L3_stn_i_metrics_configurations.csv
         used (Mb) gc trigger (Mb) max used (Mb)
Ncells 523779   28    1187117 63.4   937929 50.1
Vcells 907857    7    8388608 64.0  3252722 24.9
Success: Generated 
>> Generating: 

Attaching package: ‘igraph’

The following objects are masked from ‘package:stats’:

    decompose, spectrum

The following object is masked from ‘package:base’:

    union

STN-i metrics saved to: /home/imperialdramon/Tesis/STN-i/Experiments/ACOTSP/Individuals-Elites/BH-90/STN-i-Metrics/BH-90-L4_stn_i_metrics_nodes.csv
STN-i metrics saved to: /home/imperialdramon/Tesis/STN-i/Experiments/ACOTSP/Individuals-Elites/BH-90/STN-i-Metrics/BH-90-L4_stn_i_metrics_elite_nodes.csv
STN-i metrics saved to: /home/imperialdramon/Tesis/STN-i/Experiments/ACOTSP/Individuals-Elites/BH-90/STN-i-Metrics/BH-90-L4_stn_i_metrics_configurations.csv
         used (Mb) gc trigger (Mb) max used (Mb)
Ncells 523535   28    1187000 63.4   729964 39.0
Vcells 906176    7    8388608 64.0  3107879 23.8
Success: Generated 
>> Generating: 

Attaching package: ‘igraph’

The following objects are masked from ‘package:stats’:

    decompose, spectrum

The following object is masked from ‘package:base’:

    union

STN-i metrics saved to: /home/imperialdramon/Tesis/STN-i/Experiments/ACOTSP/Individuals-Elites/BH-90/STN-i-Metrics/BH-90-L5_stn_i_metrics_nodes.csv
STN-i metrics saved to: /home/imperialdramon/Tesis/STN-i/Experiments/ACOTSP/Individuals-Elites/BH-90/STN-i-Metrics/BH-90-L5_stn_i_metrics_elite_nodes.csv
STN-i metrics saved to: /home/imperialdramon/Tesis/STN-i/Experiments/ACOTSP/Individuals-Elites/BH-90/STN-i-Metrics/BH-90-L5_stn_i_metrics_configurations.csv
         used (Mb) gc trigger (Mb) max used (Mb)
Ncells 527800 28.2    1175205 62.8   665588 35.6
Vcells 932876  7.2    8388608 64.0  2882137 22.0
Success: Generated 
=== STN-i files generation finished at Wed Apr  8 10:34:57 -04 2026 ===
