=== STN-i data generation started at Tue Jan 27 20:20:23 -03 2026 ===
Mode: Individuals
=== Processing algorithm: PSO-X ===
>> Generating: 
         used (Mb) gc trigger (Mb) max used (Mb)
Ncells 526540 28.2    1192172 63.7  1192172 63.7
Vcells 946663  7.3    8388696 64.1  8388696 64.1
Success: Generated 
>> Generating: 
         used (Mb) gc trigger (Mb) max used (Mb)
Ncells 526535 28.2    1193449 63.8  1193449 63.8
Vcells 946658  7.3    8389753 64.1  8389753 64.1
Success: Generated 
>> Generating: 
         used (Mb) gc trigger (Mb) max used (Mb)
Ncells 526796 28.2    1563833 83.6  1563833 83.6
Vcells 946919  7.3    8614961 65.8  8614961 65.8
Success: Generated 
>> Generating: 
         used (Mb) gc trigger (Mb) max used (Mb)
Ncells 526711 28.2    1650819 88.2  1650819 88.2
Vcells 946834  7.3    8456030 64.6  8456030 64.6
Success: Generated 
=== STN-i files generation finished at Tue Jan 27 20:33:12 -03 2026 ===
