=== STN-i plot generation started at Tue Jan 27 20:43:39 -03 2026 ===
Mode: Individuals
=== Processing algorithm: PSO-X ===
>> Plotting: 

Attaching package: ‘igraph’

The following objects are masked from ‘package:stats’:

    decompose, spectrum

The following object is masked from ‘package:base’:

    union

Warning message:
In value[[3L]](cond) : double expected, got “NA”
STN-i plot saved to: /home/imperialdramon/Tesis/STN-i/Experiments/PSO-X/Individuals/BL/STN-i-Plots/L0/BL-L0-P_1-L_fr-W_1-T_equals-SR_FALSE-SSR_FALSE-SN_FALSE-Z_NA.pdf
There were 50 or more warnings (use warnings() to see the first 50)
          used (Mb) gc trigger (Mb) max used (Mb)
Ncells  544898 29.2    1238708 66.2  1238708 66.2
Vcells 1057565  8.1    8388608 64.0  4072983 31.1
Success: Generated 
>> Plotting: 

Attaching package: ‘igraph’

The following objects are masked from ‘package:stats’:

    decompose, spectrum

The following object is masked from ‘package:base’:

    union

Warning message:
In value[[3L]](cond) : double expected, got “NA”
STN-i plot saved to: /home/imperialdramon/Tesis/STN-i/Experiments/PSO-X/Individuals/BL/STN-i-Plots/L0/BL-L0-P_1-L_fr-W_1-T_equals-SR_FALSE-SSR_FALSE-SN_TRUE-Z_NA.pdf
There were 50 or more warnings (use warnings() to see the first 50)
          used (Mb) gc trigger (Mb) max used (Mb)
Ncells  544987 29.2    1238462 66.2  1238462 66.2
Vcells 1059044  8.1    8388608 64.0  5268308 40.2
Success: Generated 
>> Plotting: 

Attaching package: ‘igraph’

The following objects are masked from ‘package:stats’:

    decompose, spectrum

The following object is masked from ‘package:base’:

    union

Warning message:
In value[[3L]](cond) : double expected, got “NA”
STN-i plot saved to: /home/imperialdramon/Tesis/STN-i/Experiments/PSO-X/Individuals/BL/STN-i-Plots/L0/BL-L0-P_1-L_fr-W_1-T_elite_out_degree-SR_FALSE-SSR_FALSE-SN_FALSE-Z_NA.pdf
There were 50 or more warnings (use warnings() to see the first 50)
          used (Mb) gc trigger (Mb) max used (Mb)
Ncells  546495 29.2    1243725 66.5  1243725 66.5
Vcells 1063523  8.2    8388608 64.0  3824572 29.2
Success: Generated 
>> Plotting: 

Attaching package: ‘igraph’

The following objects are masked from ‘package:stats’:

    decompose, spectrum

The following object is masked from ‘package:base’:

    union

Warning message:
In value[[3L]](cond) : double expected, got “NA”
STN-i plot saved to: /home/imperialdramon/Tesis/STN-i/Experiments/PSO-X/Individuals/BL/STN-i-Plots/L0/BL-L0-P_1-L_fr-W_1-T_elite_out_degree-SR_FALSE-SSR_FALSE-SN_TRUE-Z_NA.pdf
There were 50 or more warnings (use warnings() to see the first 50)
          used (Mb) gc trigger (Mb) max used (Mb)
Ncells  546780 29.3    1242557 66.4  1242557 66.4
Vcells 1065786  8.2    8388608 64.0  4874402 37.2
Success: Generated 
>> Plotting: 

Attaching package: ‘igraph’

The following objects are masked from ‘package:stats’:

    decompose, spectrum

The following object is masked from ‘package:base’:

    union

Warning message:
In value[[3L]](cond) : double expected, got “NA”
STN-i plot saved to: /home/imperialdramon/Tesis/STN-i/Experiments/PSO-X/Individuals/BL-32/STN-i-Plots/L0/BL-32-L0-P_1-L_fr-W_1-T_equals-SR_FALSE-SSR_FALSE-SN_FALSE-Z_NA.pdf
There were 50 or more warnings (use warnings() to see the first 50)
          used (Mb) gc trigger (Mb) max used (Mb)
Ncells  544269 29.1    1235551   66  1235551 66.0
Vcells 1040424  8.0    8388608   64  5411758 41.3
Success: Generated 
>> Plotting: 

Attaching package: ‘igraph’

The following objects are masked from ‘package:stats’:

    decompose, spectrum

The following object is masked from ‘package:base’:

    union

Warning message:
In value[[3L]](cond) : double expected, got “NA”
STN-i plot saved to: /home/imperialdramon/Tesis/STN-i/Experiments/PSO-X/Individuals/BL-32/STN-i-Plots/L0/BL-32-L0-P_1-L_fr-W_1-T_equals-SR_FALSE-SSR_FALSE-SN_TRUE-Z_NA.pdf
There were 50 or more warnings (use warnings() to see the first 50)
          used (Mb) gc trigger (Mb) max used (Mb)
Ncells  544378 29.1    1237425 66.1  1237425 66.1
Vcells 1042077  8.0    8388608 64.0  6387440 48.8
Success: Generated 
>> Plotting: 

Attaching package: ‘igraph’

The following objects are masked from ‘package:stats’:

    decompose, spectrum

The following object is masked from ‘package:base’:

    union

Warning message:
In value[[3L]](cond) : double expected, got “NA”
STN-i plot saved to: /home/imperialdramon/Tesis/STN-i/Experiments/PSO-X/Individuals/BL-32/STN-i-Plots/L0/BL-32-L0-P_1-L_fr-W_1-T_elite_out_degree-SR_FALSE-SSR_FALSE-SN_FALSE-Z_NA.pdf
There were 50 or more warnings (use warnings() to see the first 50)
          used (Mb) gc trigger (Mb) max used (Mb)
Ncells  546214 29.2    1242277 66.4  1242277 66.4
Vcells 1047774  8.0    8388608 64.0  5740246 43.8
Success: Generated 
>> Plotting: 

Attaching package: ‘igraph’

The following objects are masked from ‘package:stats’:

    decompose, spectrum

The following object is masked from ‘package:base’:

    union

Warning message:
In value[[3L]](cond) : double expected, got “NA”
STN-i plot saved to: /home/imperialdramon/Tesis/STN-i/Experiments/PSO-X/Individuals/BL-32/STN-i-Plots/L0/BL-32-L0-P_1-L_fr-W_1-T_elite_out_degree-SR_FALSE-SSR_FALSE-SN_TRUE-Z_NA.pdf
There were 50 or more warnings (use warnings() to see the first 50)
          used (Mb) gc trigger (Mb) max used (Mb)
Ncells  546539 29.2    1243114 66.4  1243114 66.4
Vcells 1050291  8.1    8388608 64.0  6165229 47.1
Success: Generated 
>> Plotting: 

Attaching package: ‘igraph’

The following objects are masked from ‘package:stats’:

    decompose, spectrum

The following object is masked from ‘package:base’:

    union

Warning message:
In value[[3L]](cond) : double expected, got “NA”
STN-i plot saved to: /home/imperialdramon/Tesis/STN-i/Experiments/PSO-X/Individuals/BH/STN-i-Plots/L0/BH-L0-P_1-L_fr-W_1-T_equals-SR_FALSE-SSR_FALSE-SN_FALSE-Z_NA.pdf
There were 50 or more warnings (use warnings() to see the first 50)
          used (Mb) gc trigger (Mb) max used (Mb)
Ncells  549709 29.4    1252634 66.9  1252634 66.9
Vcells 1166036  8.9    8388608 64.0  5031526 38.4
Success: Generated 
>> Plotting: 

Attaching package: ‘igraph’

The following objects are masked from ‘package:stats’:

    decompose, spectrum

The following object is masked from ‘package:base’:

    union

Warning message:
In value[[3L]](cond) : double expected, got “NA”
STN-i plot saved to: /home/imperialdramon/Tesis/STN-i/Experiments/PSO-X/Individuals/BH/STN-i-Plots/L0/BH-L0-P_1-L_fr-W_1-T_equals-SR_FALSE-SSR_FALSE-SN_TRUE-Z_NA.pdf
There were 50 or more warnings (use warnings() to see the first 50)
          used (Mb) gc trigger (Mb) max used (Mb)
Ncells  549798 29.4    1252082 66.9  1252082 66.9
Vcells 1167515  9.0    8388608 64.0  6026041 46.0
Success: Generated 
>> Plotting: 

Attaching package: ‘igraph’

The following objects are masked from ‘package:stats’:

    decompose, spectrum

The following object is masked from ‘package:base’:

    union

Warning message:
In value[[3L]](cond) : double expected, got “NA”
STN-i plot saved to: /home/imperialdramon/Tesis/STN-i/Experiments/PSO-X/Individuals/BH/STN-i-Plots/L0/BH-L0-P_1-L_fr-W_1-T_elite_out_degree-SR_FALSE-SSR_FALSE-SN_FALSE-Z_NA.pdf
There were 50 or more warnings (use warnings() to see the first 50)
          used (Mb) gc trigger (Mb) max used (Mb)
Ncells  551426 29.5    1257491 67.2  1257491 67.2
Vcells 1172474  9.0    8388608 64.0  4988367 38.1
Success: Generated 
>> Plotting: 

Attaching package: ‘igraph’

The following objects are masked from ‘package:stats’:

    decompose, spectrum

The following object is masked from ‘package:base’:

    union

Warning message:
In value[[3L]](cond) : double expected, got “NA”
STN-i plot saved to: /home/imperialdramon/Tesis/STN-i/Experiments/PSO-X/Individuals/BH/STN-i-Plots/L0/BH-L0-P_1-L_fr-W_1-T_elite_out_degree-SR_FALSE-SSR_FALSE-SN_TRUE-Z_NA.pdf
There were 50 or more warnings (use warnings() to see the first 50)
          used (Mb) gc trigger (Mb) max used (Mb)
Ncells  551711 29.5    1258391 67.3  1258391 67.3
Vcells 1174737  9.0    8388608 64.0  6067561 46.3
Success: Generated 
>> Plotting: 

Attaching package: ‘igraph’

The following objects are masked from ‘package:stats’:

    decompose, spectrum

The following object is masked from ‘package:base’:

    union

Warning message:
In value[[3L]](cond) : double expected, got “NA”
STN-i plot saved to: /home/imperialdramon/Tesis/STN-i/Experiments/PSO-X/Individuals/BH-65/STN-i-Plots/L0/BH-65-L0-P_1-L_fr-W_1-T_equals-SR_FALSE-SSR_FALSE-SN_FALSE-Z_NA.pdf
There were 50 or more warnings (use warnings() to see the first 50)
          used (Mb) gc trigger (Mb) max used (Mb)
Ncells  548261 29.3    1247182 66.7  1247182 66.7
Vcells 1132610  8.7    8388608 64.0  5687559 43.4
Success: Generated 
>> Plotting: 

Attaching package: ‘igraph’

The following objects are masked from ‘package:stats’:

    decompose, spectrum

The following object is masked from ‘package:base’:

    union

Warning message:
In value[[3L]](cond) : double expected, got “NA”
STN-i plot saved to: /home/imperialdramon/Tesis/STN-i/Experiments/PSO-X/Individuals/BH-65/STN-i-Plots/L0/BH-65-L0-P_1-L_fr-W_1-T_equals-SR_FALSE-SSR_FALSE-SN_TRUE-Z_NA.pdf
There were 50 or more warnings (use warnings() to see the first 50)
          used (Mb) gc trigger (Mb) max used (Mb)
Ncells  548334 29.3    1247960 66.7  1247960 66.7
Vcells 1133949  8.7    8388608 64.0  6375799 48.7
Success: Generated 
>> Plotting: 

Attaching package: ‘igraph’

The following objects are masked from ‘package:stats’:

    decompose, spectrum

The following object is masked from ‘package:base’:

    union

Warning message:
In value[[3L]](cond) : double expected, got “NA”
STN-i plot saved to: /home/imperialdramon/Tesis/STN-i/Experiments/PSO-X/Individuals/BH-65/STN-i-Plots/L0/BH-65-L0-P_1-L_fr-W_1-T_elite_out_degree-SR_FALSE-SSR_FALSE-SN_FALSE-Z_NA.pdf
There were 50 or more warnings (use warnings() to see the first 50)
          used (Mb) gc trigger (Mb) max used (Mb)
Ncells  550274 29.4    1253388   67  1253388 67.0
Vcells 1140232  8.7    8388608   64  5989275 45.7
Success: Generated 
>> Plotting: 

Attaching package: ‘igraph’

The following objects are masked from ‘package:stats’:

    decompose, spectrum

The following object is masked from ‘package:base’:

    union

Warning message:
In value[[3L]](cond) : double expected, got “NA”
STN-i plot saved to: /home/imperialdramon/Tesis/STN-i/Experiments/PSO-X/Individuals/BH-65/STN-i-Plots/L0/BH-65-L0-P_1-L_fr-W_1-T_elite_out_degree-SR_FALSE-SSR_FALSE-SN_TRUE-Z_NA.pdf
There were 50 or more warnings (use warnings() to see the first 50)
          used (Mb) gc trigger (Mb) max used (Mb)
Ncells  550527 29.5    1254231   67  1254231 67.0
Vcells 1142291  8.8    8388608   64  6442519 49.2
Success: Generated 
=== STN-i plot generation finished at Tue Jan 27 20:44:01 -03 2026 ===
