=== STN-i data generation started at Tue Oct 28 09:04:05 -03 2025 ===
=== Processing algorithm: ACOTSP ===
>> Generating: 

Attaching package: ‘igraph’

The following objects are masked from ‘package:stats’:

    decompose, spectrum

The following object is masked from ‘package:base’:

    union


Attaching package: ‘dplyr’

The following objects are masked from ‘package:plyr’:

    arrange, count, desc, failwith, id, mutate, rename, summarise,
    summarize

The following objects are masked from ‘package:igraph’:

    as_data_frame, groups, union

The following objects are masked from ‘package:stats’:

    filter, lag

The following objects are masked from ‘package:base’:

    intersect, setdiff, setequal, union

          used (Mb) gc trigger  (Mb) max used  (Mb)
Ncells  706989 37.8    1889302 100.9  1889302 100.9
Vcells 1351500 10.4    8388608  64.0  8387266  64.0
✅ Success: Generated 
>> Generating: 

Attaching package: ‘igraph’

The following objects are masked from ‘package:stats’:

    decompose, spectrum

The following object is masked from ‘package:base’:

    union


Attaching package: ‘dplyr’

The following objects are masked from ‘package:plyr’:

    arrange, count, desc, failwith, id, mutate, rename, summarise,
    summarize

The following objects are masked from ‘package:igraph’:

    as_data_frame, groups, union

The following objects are masked from ‘package:stats’:

    filter, lag

The following objects are masked from ‘package:base’:

    intersect, setdiff, setequal, union

          used (Mb) gc trigger (Mb) max used (Mb)
Ncells  706890 37.8    1890160  101  1890160  101
Vcells 1350899 10.4    8388608   64  8383278   64
✅ Success: Generated 
>> Generating: 

Attaching package: ‘igraph’

The following objects are masked from ‘package:stats’:

    decompose, spectrum

The following object is masked from ‘package:base’:

    union


Attaching package: ‘dplyr’

The following objects are masked from ‘package:plyr’:

    arrange, count, desc, failwith, id, mutate, rename, summarise,
    summarize

The following objects are masked from ‘package:igraph’:

    as_data_frame, groups, union

The following objects are masked from ‘package:stats’:

    filter, lag

The following objects are masked from ‘package:base’:

    intersect, setdiff, setequal, union

          used (Mb) gc trigger  (Mb) max used  (Mb)
Ncells  705498 37.7    2065205 110.3  2065205 110.3
Vcells 1342411 10.3    8388608  64.0  8374837  63.9
✅ Success: Generated 
>> Generating: 

Attaching package: ‘igraph’

The following objects are masked from ‘package:stats’:

    decompose, spectrum

The following object is masked from ‘package:base’:

    union


Attaching package: ‘dplyr’

The following objects are masked from ‘package:plyr’:

    arrange, count, desc, failwith, id, mutate, rename, summarise,
    summarize

The following objects are masked from ‘package:igraph’:

    as_data_frame, groups, union

The following objects are masked from ‘package:stats’:

    filter, lag

The following objects are masked from ‘package:base’:

    intersect, setdiff, setequal, union

          used (Mb) gc trigger  (Mb) max used  (Mb)
Ncells  702663 37.6    2008814 107.3  2008814 107.3
Vcells 1324848 10.2    8388608  64.0  8386005  64.0
✅ Success: Generated 
>> Generating: 

Attaching package: ‘igraph’

The following objects are masked from ‘package:stats’:

    decompose, spectrum

The following object is masked from ‘package:base’:

    union


Attaching package: ‘dplyr’

The following objects are masked from ‘package:plyr’:

    arrange, count, desc, failwith, id, mutate, rename, summarise,
    summarize

The following objects are masked from ‘package:igraph’:

    as_data_frame, groups, union

The following objects are masked from ‘package:stats’:

    filter, lag

The following objects are masked from ‘package:base’:

    intersect, setdiff, setequal, union

          used (Mb) gc trigger (Mb) max used (Mb)
Ncells  698772 37.4    1299428 69.4  1299428 69.4
Vcells 1300643 10.0    8388608 64.0  8385649 64.0
✅ Success: Generated 
>> Generating: 

Attaching package: ‘igraph’

The following objects are masked from ‘package:stats’:

    decompose, spectrum

The following object is masked from ‘package:base’:

    union


Attaching package: ‘dplyr’

The following objects are masked from ‘package:plyr’:

    arrange, count, desc, failwith, id, mutate, rename, summarise,
    summarize

The following objects are masked from ‘package:igraph’:

    as_data_frame, groups, union

The following objects are masked from ‘package:stats’:

    filter, lag

The following objects are masked from ‘package:base’:

    intersect, setdiff, setequal, union

          used (Mb) gc trigger (Mb) max used (Mb)
Ncells  689613 36.9    1661400 88.8  1661400 88.8
Vcells 1255463  9.6    8388608 64.0  7996536 61.1
✅ Success: Generated 
>> Generating: 

Attaching package: ‘igraph’

The following objects are masked from ‘package:stats’:

    decompose, spectrum

The following object is masked from ‘package:base’:

    union


Attaching package: ‘dplyr’

The following objects are masked from ‘package:plyr’:

    arrange, count, desc, failwith, id, mutate, rename, summarise,
    summarize

The following objects are masked from ‘package:igraph’:

    as_data_frame, groups, union

The following objects are masked from ‘package:stats’:

    filter, lag

The following objects are masked from ‘package:base’:

    intersect, setdiff, setequal, union

          used (Mb) gc trigger (Mb) max used (Mb)
Ncells  689583 36.9    1660820 88.7  1660820 88.7
Vcells 1255280  9.6    8388608 64.0  7956808 60.8
✅ Success: Generated 
>> Generating: 

Attaching package: ‘igraph’

The following objects are masked from ‘package:stats’:

    decompose, spectrum

The following object is masked from ‘package:base’:

    union


Attaching package: ‘dplyr’

The following objects are masked from ‘package:plyr’:

    arrange, count, desc, failwith, id, mutate, rename, summarise,
    summarize

The following objects are masked from ‘package:igraph’:

    as_data_frame, groups, union

The following objects are masked from ‘package:stats’:

    filter, lag

The following objects are masked from ‘package:base’:

    intersect, setdiff, setequal, union

          used (Mb) gc trigger (Mb) max used (Mb)
Ncells  688890 36.8    1646542   88  1646542 88.0
Vcells 1251056  9.6    8388608   64  7742539 59.1
✅ Success: Generated 
>> Generating: 

Attaching package: ‘igraph’

The following objects are masked from ‘package:stats’:

    decompose, spectrum

The following object is masked from ‘package:base’:

    union


Attaching package: ‘dplyr’

The following objects are masked from ‘package:plyr’:

    arrange, count, desc, failwith, id, mutate, rename, summarise,
    summarize

The following objects are masked from ‘package:igraph’:

    as_data_frame, groups, union

The following objects are masked from ‘package:stats’:

    filter, lag

The following objects are masked from ‘package:base’:

    intersect, setdiff, setequal, union

          used (Mb) gc trigger (Mb) max used (Mb)
Ncells  687357 36.8    1299428 69.4  1299428 69.4
Vcells 1241704  9.5    8388608 64.0  7158176 54.7
✅ Success: Generated 
>> Generating: 

Attaching package: ‘igraph’

The following objects are masked from ‘package:stats’:

    decompose, spectrum

The following object is masked from ‘package:base’:

    union


Attaching package: ‘dplyr’

The following objects are masked from ‘package:plyr’:

    arrange, count, desc, failwith, id, mutate, rename, summarise,
    summarize

The following objects are masked from ‘package:igraph’:

    as_data_frame, groups, union

The following objects are masked from ‘package:stats’:

    filter, lag

The following objects are masked from ‘package:base’:

    intersect, setdiff, setequal, union

          used (Mb) gc trigger (Mb) max used (Mb)
Ncells  685296 36.6    1635014 87.4  1635014 87.4
Vcells 1228843  9.4    8388608 64.0  6617160 50.5
✅ Success: Generated 
>> Generating: 

Attaching package: ‘igraph’

The following objects are masked from ‘package:stats’:

    decompose, spectrum

The following object is masked from ‘package:base’:

    union


Attaching package: ‘dplyr’

The following objects are masked from ‘package:plyr’:

    arrange, count, desc, failwith, id, mutate, rename, summarise,
    summarize

The following objects are masked from ‘package:igraph’:

    as_data_frame, groups, union

The following objects are masked from ‘package:stats’:

    filter, lag

The following objects are masked from ‘package:base’:

    intersect, setdiff, setequal, union

          used (Mb) gc trigger (Mb) max used  (Mb)
Ncells  751794 40.2    2527171  135  1995608 106.6
Vcells 1598028 12.2    8388608   64  8387740  64.0
✅ Success: Generated 
>> Generating: 

Attaching package: ‘igraph’

The following objects are masked from ‘package:stats’:

    decompose, spectrum

The following object is masked from ‘package:base’:

    union


Attaching package: ‘dplyr’

The following objects are masked from ‘package:plyr’:

    arrange, count, desc, failwith, id, mutate, rename, summarise,
    summarize

The following objects are masked from ‘package:igraph’:

    as_data_frame, groups, union

The following objects are masked from ‘package:stats’:

    filter, lag

The following objects are masked from ‘package:base’:

    intersect, setdiff, setequal, union

          used (Mb) gc trigger  (Mb) max used  (Mb)
Ncells  750657 40.1    1996725 106.7  1996725 106.7
Vcells 1591235 12.2    8388608  64.0  8387051  64.0
✅ Success: Generated 
>> Generating: 

Attaching package: ‘igraph’

The following objects are masked from ‘package:stats’:

    decompose, spectrum

The following object is masked from ‘package:base’:

    union


Attaching package: ‘dplyr’

The following objects are masked from ‘package:plyr’:

    arrange, count, desc, failwith, id, mutate, rename, summarise,
    summarize

The following objects are masked from ‘package:igraph’:

    as_data_frame, groups, union

The following objects are masked from ‘package:stats’:

    filter, lag

The following objects are masked from ‘package:base’:

    intersect, setdiff, setequal, union

          used (Mb) gc trigger  (Mb) max used  (Mb)
Ncells  744186 39.8    2001197 106.9  2001197 106.9
Vcells 1552035 11.9    8388608  64.0  8388479  64.0
✅ Success: Generated 
>> Generating: 

Attaching package: ‘igraph’

The following objects are masked from ‘package:stats’:

    decompose, spectrum

The following object is masked from ‘package:base’:

    union


Attaching package: ‘dplyr’

The following objects are masked from ‘package:plyr’:

    arrange, count, desc, failwith, id, mutate, rename, summarise,
    summarize

The following objects are masked from ‘package:igraph’:

    as_data_frame, groups, union

The following objects are masked from ‘package:stats’:

    filter, lag

The following objects are masked from ‘package:base’:

    intersect, setdiff, setequal, union

          used (Mb) gc trigger  (Mb) max used  (Mb)
Ncells  734766 39.3    2013325 107.6  2013325 107.6
Vcells 1495839 11.5    8388608  64.0  8382498  64.0
✅ Success: Generated 
>> Generating: 

Attaching package: ‘igraph’

The following objects are masked from ‘package:stats’:

    decompose, spectrum

The following object is masked from ‘package:base’:

    union


Attaching package: ‘dplyr’

The following objects are masked from ‘package:plyr’:

    arrange, count, desc, failwith, id, mutate, rename, summarise,
    summarize

The following objects are masked from ‘package:igraph’:

    as_data_frame, groups, union

The following objects are masked from ‘package:stats’:

    filter, lag

The following objects are masked from ‘package:base’:

    intersect, setdiff, setequal, union

          used (Mb) gc trigger (Mb) max used (Mb)
Ncells  726633 38.9    2227608  119  2227608  119
Vcells 1447328 11.1    8388608   64  8385374   64
✅ Success: Generated 
>> Generating: 

Attaching package: ‘igraph’

The following objects are masked from ‘package:stats’:

    decompose, spectrum

The following object is masked from ‘package:base’:

    union


Attaching package: ‘dplyr’

The following objects are masked from ‘package:plyr’:

    arrange, count, desc, failwith, id, mutate, rename, summarise,
    summarize

The following objects are masked from ‘package:igraph’:

    as_data_frame, groups, union

The following objects are masked from ‘package:stats’:

    filter, lag

The following objects are masked from ‘package:base’:

    intersect, setdiff, setequal, union

          used (Mb) gc trigger  (Mb) max used  (Mb)
Ncells  717252 38.4    2154120 115.1  2154120 115.1
Vcells 1406532 10.8    8388798  64.1  8388798  64.1
✅ Success: Generated 
>> Generating: 

Attaching package: ‘igraph’

The following objects are masked from ‘package:stats’:

    decompose, spectrum

The following object is masked from ‘package:base’:

    union


Attaching package: ‘dplyr’

The following objects are masked from ‘package:plyr’:

    arrange, count, desc, failwith, id, mutate, rename, summarise,
    summarize

The following objects are masked from ‘package:igraph’:

    as_data_frame, groups, union

The following objects are masked from ‘package:stats’:

    filter, lag

The following objects are masked from ‘package:base’:

    intersect, setdiff, setequal, union

          used (Mb) gc trigger  (Mb) max used  (Mb)
Ncells  716733 38.3    2154857 115.1  2154857 115.1
Vcells 1403488 10.8    8388608  64.0  8384895  64.0
✅ Success: Generated 
>> Generating: 

Attaching package: ‘igraph’

The following objects are masked from ‘package:stats’:

    decompose, spectrum

The following object is masked from ‘package:base’:

    union


Attaching package: ‘dplyr’

The following objects are masked from ‘package:plyr’:

    arrange, count, desc, failwith, id, mutate, rename, summarise,
    summarize

The following objects are masked from ‘package:igraph’:

    as_data_frame, groups, union

The following objects are masked from ‘package:stats’:

    filter, lag

The following objects are masked from ‘package:base’:

    intersect, setdiff, setequal, union

          used (Mb) gc trigger  (Mb) max used  (Mb)
Ncells  713613 38.2    1892377 101.1  1892377 101.1
Vcells 1384579 10.6    8388608  64.0  8381550  64.0
✅ Success: Generated 
>> Generating: 

Attaching package: ‘igraph’

The following objects are masked from ‘package:stats’:

    decompose, spectrum

The following object is masked from ‘package:base’:

    union


Attaching package: ‘dplyr’

The following objects are masked from ‘package:plyr’:

    arrange, count, desc, failwith, id, mutate, rename, summarise,
    summarize

The following objects are masked from ‘package:igraph’:

    as_data_frame, groups, union

The following objects are masked from ‘package:stats’:

    filter, lag

The following objects are masked from ‘package:base’:

    intersect, setdiff, setequal, union

          used (Mb) gc trigger  (Mb) max used  (Mb)
Ncells  708138 37.9    2117354 113.1  2117354 113.1
Vcells 1351311 10.4    8388608  64.0  8387757  64.0
✅ Success: Generated 
>> Generating: 

Attaching package: ‘igraph’

The following objects are masked from ‘package:stats’:

    decompose, spectrum

The following object is masked from ‘package:base’:

    union


Attaching package: ‘dplyr’

The following objects are masked from ‘package:plyr’:

    arrange, count, desc, failwith, id, mutate, rename, summarise,
    summarize

The following objects are masked from ‘package:igraph’:

    as_data_frame, groups, union

The following objects are masked from ‘package:stats’:

    filter, lag

The following objects are masked from ‘package:base’:

    intersect, setdiff, setequal, union

          used (Mb) gc trigger  (Mb) max used  (Mb)
Ncells  702978 37.6    2014782 107.7  2014782 107.7
Vcells 1320308 10.1    8388608  64.0  8388557  64.0
✅ Success: Generated 
=== Processing algorithm: PSO-X ===
>> Generating: 

Attaching package: ‘igraph’

The following objects are masked from ‘package:stats’:

    decompose, spectrum

The following object is masked from ‘package:base’:

    union


Attaching package: ‘dplyr’

The following objects are masked from ‘package:plyr’:

    arrange, count, desc, failwith, id, mutate, rename, summarise,
    summarize

The following objects are masked from ‘package:igraph’:

    as_data_frame, groups, union

The following objects are masked from ‘package:stats’:

    filter, lag

The following objects are masked from ‘package:base’:

    intersect, setdiff, setequal, union

          used (Mb) gc trigger (Mb) max used (Mb)
Ncells  681309 36.4    1299428 69.4  1299428 69.4
Vcells 1212803  9.3    8388608 64.0  6495251 49.6
✅ Success: Generated 
>> Generating: 

Attaching package: ‘igraph’

The following objects are masked from ‘package:stats’:

    decompose, spectrum

The following object is masked from ‘package:base’:

    union


Attaching package: ‘dplyr’

The following objects are masked from ‘package:plyr’:

    arrange, count, desc, failwith, id, mutate, rename, summarise,
    summarize

The following objects are masked from ‘package:igraph’:

    as_data_frame, groups, union

The following objects are masked from ‘package:stats’:

    filter, lag

The following objects are masked from ‘package:base’:

    intersect, setdiff, setequal, union

          used (Mb) gc trigger (Mb) max used (Mb)
Ncells  680877 36.4    1299428 69.4  1299428 69.4
Vcells 1210163  9.3    8388608 64.0  4527105 34.6
✅ Success: Generated 
>> Generating: 

Attaching package: ‘igraph’

The following objects are masked from ‘package:stats’:

    decompose, spectrum

The following object is masked from ‘package:base’:

    union


Attaching package: ‘dplyr’

The following objects are masked from ‘package:plyr’:

    arrange, count, desc, failwith, id, mutate, rename, summarise,
    summarize

The following objects are masked from ‘package:igraph’:

    as_data_frame, groups, union

The following objects are masked from ‘package:stats’:

    filter, lag

The following objects are masked from ‘package:base’:

    intersect, setdiff, setequal, union

          used (Mb) gc trigger (Mb) max used (Mb)
Ncells  679413 36.3    1299428 69.4  1299428 69.4
Vcells 1201220  9.2    8388608 64.0  5844846 44.6
✅ Success: Generated 
>> Generating: 

Attaching package: ‘igraph’

The following objects are masked from ‘package:stats’:

    decompose, spectrum

The following object is masked from ‘package:base’:

    union


Attaching package: ‘dplyr’

The following objects are masked from ‘package:plyr’:

    arrange, count, desc, failwith, id, mutate, rename, summarise,
    summarize

The following objects are masked from ‘package:igraph’:

    as_data_frame, groups, union

The following objects are masked from ‘package:stats’:

    filter, lag

The following objects are masked from ‘package:base’:

    intersect, setdiff, setequal, union

          used (Mb) gc trigger (Mb) max used (Mb)
Ncells  677553 36.2    1299428 69.4  1299428 69.4
Vcells 1189803  9.1    8388608 64.0  4881201 37.3
✅ Success: Generated 
>> Generating: 

Attaching package: ‘igraph’

The following objects are masked from ‘package:stats’:

    decompose, spectrum

The following object is masked from ‘package:base’:

    union


Attaching package: ‘dplyr’

The following objects are masked from ‘package:plyr’:

    arrange, count, desc, failwith, id, mutate, rename, summarise,
    summarize

The following objects are masked from ‘package:igraph’:

    as_data_frame, groups, union

The following objects are masked from ‘package:stats’:

    filter, lag

The following objects are masked from ‘package:base’:

    intersect, setdiff, setequal, union

          used (Mb) gc trigger (Mb) max used (Mb)
Ncells  674829 36.1    1299428 69.4  1299428 69.4
Vcells 1173000  9.0    8388608 64.0  4688309 35.8
✅ Success: Generated 
>> Generating: 

Attaching package: ‘igraph’

The following objects are masked from ‘package:stats’:

    decompose, spectrum

The following object is masked from ‘package:base’:

    union


Attaching package: ‘dplyr’

The following objects are masked from ‘package:plyr’:

    arrange, count, desc, failwith, id, mutate, rename, summarise,
    summarize

The following objects are masked from ‘package:igraph’:

    as_data_frame, groups, union

The following objects are masked from ‘package:stats’:

    filter, lag

The following objects are masked from ‘package:base’:

    intersect, setdiff, setequal, union

          used (Mb) gc trigger (Mb) max used (Mb)
Ncells  674478 36.1    1299428 69.4  1299428 69.4
Vcells 1173624  9.0    8388608 64.0  4721395 36.1
✅ Success: Generated 
>> Generating: 

Attaching package: ‘igraph’

The following objects are masked from ‘package:stats’:

    decompose, spectrum

The following object is masked from ‘package:base’:

    union


Attaching package: ‘dplyr’

The following objects are masked from ‘package:plyr’:

    arrange, count, desc, failwith, id, mutate, rename, summarise,
    summarize

The following objects are masked from ‘package:igraph’:

    as_data_frame, groups, union

The following objects are masked from ‘package:stats’:

    filter, lag

The following objects are masked from ‘package:base’:

    intersect, setdiff, setequal, union

          used (Mb) gc trigger (Mb) max used (Mb)
Ncells  674220 36.1    1299428 69.4  1299428 69.4
Vcells 1171987  9.0    8388608 64.0  4663119 35.6
✅ Success: Generated 
>> Generating: 

Attaching package: ‘igraph’

The following objects are masked from ‘package:stats’:

    decompose, spectrum

The following object is masked from ‘package:base’:

    union


Attaching package: ‘dplyr’

The following objects are masked from ‘package:plyr’:

    arrange, count, desc, failwith, id, mutate, rename, summarise,
    summarize

The following objects are masked from ‘package:igraph’:

    as_data_frame, groups, union

The following objects are masked from ‘package:stats’:

    filter, lag

The following objects are masked from ‘package:base’:

    intersect, setdiff, setequal, union

          used (Mb) gc trigger (Mb) max used (Mb)
Ncells  673221 36.0    1299428 69.4  1299428 69.4
Vcells 1165948  8.9    8388608 64.0  4490025 34.3
✅ Success: Generated 
>> Generating: 

Attaching package: ‘igraph’

The following objects are masked from ‘package:stats’:

    decompose, spectrum

The following object is masked from ‘package:base’:

    union


Attaching package: ‘dplyr’

The following objects are masked from ‘package:plyr’:

    arrange, count, desc, failwith, id, mutate, rename, summarise,
    summarize

The following objects are masked from ‘package:igraph’:

    as_data_frame, groups, union

The following objects are masked from ‘package:stats’:

    filter, lag

The following objects are masked from ‘package:base’:

    intersect, setdiff, setequal, union

          used (Mb) gc trigger (Mb) max used (Mb)
Ncells  671892 35.9    1299428 69.4  1299428 69.4
Vcells 1157807  8.9    8388608 64.0  4109836 31.4
✅ Success: Generated 
>> Generating: 

Attaching package: ‘igraph’

The following objects are masked from ‘package:stats’:

    decompose, spectrum

The following object is masked from ‘package:base’:

    union


Attaching package: ‘dplyr’

The following objects are masked from ‘package:plyr’:

    arrange, count, desc, failwith, id, mutate, rename, summarise,
    summarize

The following objects are masked from ‘package:igraph’:

    as_data_frame, groups, union

The following objects are masked from ‘package:stats’:

    filter, lag

The following objects are masked from ‘package:base’:

    intersect, setdiff, setequal, union

          used (Mb) gc trigger (Mb) max used (Mb)
Ncells  670434 35.9    1299428 69.4  1299428 69.4
Vcells 1149060  8.8    8388608 64.0  3718667 28.4
✅ Success: Generated 
>> Generating: 

Attaching package: ‘igraph’

The following objects are masked from ‘package:stats’:

    decompose, spectrum

The following object is masked from ‘package:base’:

    union


Attaching package: ‘dplyr’

The following objects are masked from ‘package:plyr’:

    arrange, count, desc, failwith, id, mutate, rename, summarise,
    summarize

The following objects are masked from ‘package:igraph’:

    as_data_frame, groups, union

The following objects are masked from ‘package:stats’:

    filter, lag

The following objects are masked from ‘package:base’:

    intersect, setdiff, setequal, union

          used (Mb) gc trigger  (Mb) max used  (Mb)
Ncells  705684 37.7    1879614 100.4  1879614 100.4
Vcells 1348091 10.3    8388608  64.0  8386770  64.0
✅ Success: Generated 
>> Generating: 

Attaching package: ‘igraph’

The following objects are masked from ‘package:stats’:

    decompose, spectrum

The following object is masked from ‘package:base’:

    union


Attaching package: ‘dplyr’

The following objects are masked from ‘package:plyr’:

    arrange, count, desc, failwith, id, mutate, rename, summarise,
    summarize

The following objects are masked from ‘package:igraph’:

    as_data_frame, groups, union

The following objects are masked from ‘package:stats’:

    filter, lag

The following objects are masked from ‘package:base’:

    intersect, setdiff, setequal, union

          used (Mb) gc trigger  (Mb) max used  (Mb)
Ncells  702300 37.6    2000005 106.9  2000005 106.9
Vcells 1327700 10.2    8388608  64.0  8386241  64.0
✅ Success: Generated 
>> Generating: 

Attaching package: ‘igraph’

The following objects are masked from ‘package:stats’:

    decompose, spectrum

The following object is masked from ‘package:base’:

    union


Attaching package: ‘dplyr’

The following objects are masked from ‘package:plyr’:

    arrange, count, desc, failwith, id, mutate, rename, summarise,
    summarize

The following objects are masked from ‘package:igraph’:

    as_data_frame, groups, union

The following objects are masked from ‘package:stats’:

    filter, lag

The following objects are masked from ‘package:base’:

    intersect, setdiff, setequal, union

          used (Mb) gc trigger (Mb) max used (Mb)
Ncells  695673 37.2    1299428 69.4  1299428 69.4
Vcells 1288772  9.9    8388608 64.0  8387482 64.0
✅ Success: Generated 
>> Generating: 

Attaching package: ‘igraph’

The following objects are masked from ‘package:stats’:

    decompose, spectrum

The following object is masked from ‘package:base’:

    union


Attaching package: ‘dplyr’

The following objects are masked from ‘package:plyr’:

    arrange, count, desc, failwith, id, mutate, rename, summarise,
    summarize

The following objects are masked from ‘package:igraph’:

    as_data_frame, groups, union

The following objects are masked from ‘package:stats’:

    filter, lag

The following objects are masked from ‘package:base’:

    intersect, setdiff, setequal, union

          used (Mb) gc trigger (Mb) max used (Mb)
Ncells  690456 36.9    1662302 88.8  1662302 88.8
Vcells 1257764  9.6    8388608 64.0  8207656 62.7
✅ Success: Generated 
>> Generating: 

Attaching package: ‘igraph’

The following objects are masked from ‘package:stats’:

    decompose, spectrum

The following object is masked from ‘package:base’:

    union


Attaching package: ‘dplyr’

The following objects are masked from ‘package:plyr’:

    arrange, count, desc, failwith, id, mutate, rename, summarise,
    summarize

The following objects are masked from ‘package:igraph’:

    as_data_frame, groups, union

The following objects are masked from ‘package:stats’:

    filter, lag

The following objects are masked from ‘package:base’:

    intersect, setdiff, setequal, union

          used (Mb) gc trigger (Mb) max used (Mb)
Ncells  684405 36.6    1299428 69.4  1299428 69.4
Vcells 1221364  9.4    8388608 64.0  6346734 48.5
✅ Success: Generated 
>> Generating: 

Attaching package: ‘igraph’

The following objects are masked from ‘package:stats’:

    decompose, spectrum

The following object is masked from ‘package:base’:

    union


Attaching package: ‘dplyr’

The following objects are masked from ‘package:plyr’:

    arrange, count, desc, failwith, id, mutate, rename, summarise,
    summarize

The following objects are masked from ‘package:igraph’:

    as_data_frame, groups, union

The following objects are masked from ‘package:stats’:

    filter, lag

The following objects are masked from ‘package:base’:

    intersect, setdiff, setequal, union

          used (Mb) gc trigger (Mb) max used (Mb)
Ncells  690690 36.9    1680300 89.8  1680300 89.8
Vcells 1262691  9.7    8388608 64.0  8124702 62.0
✅ Success: Generated 
>> Generating: 

Attaching package: ‘igraph’

The following objects are masked from ‘package:stats’:

    decompose, spectrum

The following object is masked from ‘package:base’:

    union


Attaching package: ‘dplyr’

The following objects are masked from ‘package:plyr’:

    arrange, count, desc, failwith, id, mutate, rename, summarise,
    summarize

The following objects are masked from ‘package:igraph’:

    as_data_frame, groups, union

The following objects are masked from ‘package:stats’:

    filter, lag

The following objects are masked from ‘package:base’:

    intersect, setdiff, setequal, union

          used (Mb) gc trigger (Mb) max used (Mb)
Ncells  688959 36.8    1654928 88.4  1654928 88.4
Vcells 1252131  9.6    8388608 64.0  7643502 58.4
✅ Success: Generated 
>> Generating: 

Attaching package: ‘igraph’

The following objects are masked from ‘package:stats’:

    decompose, spectrum

The following object is masked from ‘package:base’:

    union


Attaching package: ‘dplyr’

The following objects are masked from ‘package:plyr’:

    arrange, count, desc, failwith, id, mutate, rename, summarise,
    summarize

The following objects are masked from ‘package:igraph’:

    as_data_frame, groups, union

The following objects are masked from ‘package:stats’:

    filter, lag

The following objects are masked from ‘package:base’:

    intersect, setdiff, setequal, union

          used (Mb) gc trigger (Mb) max used (Mb)
Ncells  684828 36.6    1299428 69.4  1299428 69.4
Vcells 1227572  9.4    8388608 64.0  6477109 49.5
✅ Success: Generated 
>> Generating: 

Attaching package: ‘igraph’

The following objects are masked from ‘package:stats’:

    decompose, spectrum

The following object is masked from ‘package:base’:

    union


Attaching package: ‘dplyr’

The following objects are masked from ‘package:plyr’:

    arrange, count, desc, failwith, id, mutate, rename, summarise,
    summarize

The following objects are masked from ‘package:igraph’:

    as_data_frame, groups, union

The following objects are masked from ‘package:stats’:

    filter, lag

The following objects are masked from ‘package:base’:

    intersect, setdiff, setequal, union

          used (Mb) gc trigger (Mb) max used (Mb)
Ncells  681339 36.4    1299428 69.4  1299428 69.4
Vcells 1207299  9.3    8388608 64.0  5844594 44.6
✅ Success: Generated 
>> Generating: 

Attaching package: ‘igraph’

The following objects are masked from ‘package:stats’:

    decompose, spectrum

The following object is masked from ‘package:base’:

    union


Attaching package: ‘dplyr’

The following objects are masked from ‘package:plyr’:

    arrange, count, desc, failwith, id, mutate, rename, summarise,
    summarize

The following objects are masked from ‘package:igraph’:

    as_data_frame, groups, union

The following objects are masked from ‘package:stats’:

    filter, lag

The following objects are masked from ‘package:base’:

    intersect, setdiff, setequal, union

          used (Mb) gc trigger (Mb) max used (Mb)
Ncells  677778 36.2    1299428 69.4  1299428 69.4
Vcells 1186367  9.1    8388608 64.0  5180003 39.6
✅ Success: Generated 
=== STN-i files generation finished at Tue Oct 28 09:10:03 -03 2025 ===
