=== STN-i data generation started at Tue Oct 28 09:10:06 -03 2025 ===
=== Processing algorithm: ACOTSP ===
>> Generating: 

Attaching package: ‘igraph’

The following objects are masked from ‘package:stats’:

    decompose, spectrum

The following object is masked from ‘package:base’:

    union

STN-i metrics saved to: /home/imperialdramon/Tesis/STN-i/Experiments/ACOTSP/Individuals/BL/STN-i-Metrics/BL-L1_stn_i_metrics.csv
          used (Mb) gc trigger (Mb) max used (Mb)
Ncells  522828 28.0    1161000 62.1   665588 35.6
Vcells 1074126  8.2    8388608 64.0  8384734 64.0
✅ Success: Generated 
>> Generating: 

Attaching package: ‘igraph’

The following objects are masked from ‘package:stats’:

    decompose, spectrum

The following object is masked from ‘package:base’:

    union

STN-i metrics saved to: /home/imperialdramon/Tesis/STN-i/Experiments/ACOTSP/Individuals/BL/STN-i-Metrics/BL-L2_stn_i_metrics.csv
          used (Mb) gc trigger (Mb) max used (Mb)
Ncells  522803 28.0    1160928 62.1   665588 35.6
Vcells 1073589  8.2    8388608 64.0  8387108 64.0
✅ Success: Generated 
>> Generating: 

Attaching package: ‘igraph’

The following objects are masked from ‘package:stats’:

    decompose, spectrum

The following object is masked from ‘package:base’:

    union

STN-i metrics saved to: /home/imperialdramon/Tesis/STN-i/Experiments/ACOTSP/Individuals/BL/STN-i-Metrics/BL-L3_stn_i_metrics.csv
          used (Mb) gc trigger (Mb) max used (Mb)
Ncells  522445 28.0    1159905   62   665588 35.6
Vcells 1065949  8.2    8388608   64  8387153 64.0
✅ Success: Generated 
>> Generating: 

Attaching package: ‘igraph’

The following objects are masked from ‘package:stats’:

    decompose, spectrum

The following object is masked from ‘package:base’:

    union

STN-i metrics saved to: /home/imperialdramon/Tesis/STN-i/Experiments/ACOTSP/Individuals/BL/STN-i-Metrics/BL-L4_stn_i_metrics.csv
          used (Mb) gc trigger (Mb) max used (Mb)
Ncells  521674 27.9    1157702 61.9   665588 35.6
Vcells 1049778  8.1    8388608 64.0  8388223 64.0
✅ Success: Generated 
>> Generating: 

Attaching package: ‘igraph’

The following objects are masked from ‘package:stats’:

    decompose, spectrum

The following object is masked from ‘package:base’:

    union

STN-i metrics saved to: /home/imperialdramon/Tesis/STN-i/Experiments/ACOTSP/Individuals/BL/STN-i-Metrics/BL-L5_stn_i_metrics.csv
          used (Mb) gc trigger (Mb) max used (Mb)
Ncells  520605 27.9    1154648 61.7   665588 35.6
Vcells 1027397  7.9    8388608 64.0  8382275 64.0
✅ Success: Generated 
>> Generating: 

Attaching package: ‘igraph’

The following objects are masked from ‘package:stats’:

    decompose, spectrum

The following object is masked from ‘package:base’:

    union

STN-i metrics saved to: /home/imperialdramon/Tesis/STN-i/Experiments/ACOTSP/Individuals/BL-45/STN-i-Metrics/BL-45-L1_stn_i_metrics.csv
         used (Mb) gc trigger (Mb) max used (Mb)
Ncells 519491 27.8    1151465 61.5   665588 35.6
Vcells 997717  7.7    8388608 64.0  8385307 64.0
✅ Success: Generated 
>> Generating: 

Attaching package: ‘igraph’

The following objects are masked from ‘package:stats’:

    decompose, spectrum

The following object is masked from ‘package:base’:

    union

STN-i metrics saved to: /home/imperialdramon/Tesis/STN-i/Experiments/ACOTSP/Individuals/BL-45/STN-i-Metrics/BL-45-L2_stn_i_metrics.csv
         used (Mb) gc trigger (Mb) max used (Mb)
Ncells 519484 27.8    1151445 61.5   665588 35.6
Vcells 997558  7.7    8388608 64.0  8387288 64.0
✅ Success: Generated 
>> Generating: 

Attaching package: ‘igraph’

The following objects are masked from ‘package:stats’:

    decompose, spectrum

The following object is masked from ‘package:base’:

    union

STN-i metrics saved to: /home/imperialdramon/Tesis/STN-i/Experiments/ACOTSP/Individuals/BL-45/STN-i-Metrics/BL-45-L3_stn_i_metrics.csv
         used (Mb) gc trigger (Mb) max used (Mb)
Ncells 519310 27.8    1150948 61.5   665588 35.6
Vcells 993790  7.6    8388608 64.0  8387700 64.0
✅ Success: Generated 
>> Generating: 

Attaching package: ‘igraph’

The following objects are masked from ‘package:stats’:

    decompose, spectrum

The following object is masked from ‘package:base’:

    union

STN-i metrics saved to: /home/imperialdramon/Tesis/STN-i/Experiments/ACOTSP/Individuals/BL-45/STN-i-Metrics/BL-45-L4_stn_i_metrics.csv
         used (Mb) gc trigger (Mb) max used (Mb)
Ncells 518916 27.8    1149822 61.5   665588 35.6
Vcells 985374  7.6    8388608 64.0  8385638 64.0
✅ Success: Generated 
>> Generating: 

Attaching package: ‘igraph’

The following objects are masked from ‘package:stats’:

    decompose, spectrum

The following object is masked from ‘package:base’:

    union

STN-i metrics saved to: /home/imperialdramon/Tesis/STN-i/Experiments/ACOTSP/Individuals/BL-45/STN-i-Metrics/BL-45-L5_stn_i_metrics.csv
         used (Mb) gc trigger (Mb) max used (Mb)
Ncells 518347 27.7    1148197 61.4   665588 35.6
Vcells 973457  7.5    8388608 64.0  8385444 64.0
✅ Success: Generated 
>> Generating: 

Attaching package: ‘igraph’

The following objects are masked from ‘package:stats’:

    decompose, spectrum

The following object is masked from ‘package:base’:

    union

STN-i metrics saved to: /home/imperialdramon/Tesis/STN-i/Experiments/ACOTSP/Individuals/BH/STN-i-Metrics/BH-L1_stn_i_metrics.csv
          used (Mb) gc trigger (Mb) max used (Mb)
Ncells  531228 28.4    1190488 63.6   788054 42.1
Vcells 1268366  9.7    8388608 64.0  8388296 64.0
✅ Success: Generated 
>> Generating: 

Attaching package: ‘igraph’

The following objects are masked from ‘package:stats’:

    decompose, spectrum

The following object is masked from ‘package:base’:

    union

STN-i metrics saved to: /home/imperialdramon/Tesis/STN-i/Experiments/ACOTSP/Individuals/BH/STN-i-Metrics/BH-L2_stn_i_metrics.csv
          used (Mb) gc trigger (Mb) max used (Mb)
Ncells  530951 28.4    1189422 63.6   786396   42
Vcells 1262397  9.7    8388608 64.0  8388374   64
✅ Success: Generated 
>> Generating: 

Attaching package: ‘igraph’

The following objects are masked from ‘package:stats’:

    decompose, spectrum

The following object is masked from ‘package:base’:

    union

STN-i metrics saved to: /home/imperialdramon/Tesis/STN-i/Experiments/ACOTSP/Individuals/BH/STN-i-Metrics/BH-L3_stn_i_metrics.csv
          used (Mb) gc trigger (Mb) max used (Mb)
Ncells  529309 28.3    1210162 64.7   665588 35.6
Vcells 1227313  9.4    8388608 64.0  8387646 64.0
✅ Success: Generated 
>> Generating: 

Attaching package: ‘igraph’

The following objects are masked from ‘package:stats’:

    decompose, spectrum

The following object is masked from ‘package:base’:

    union

STN-i metrics saved to: /home/imperialdramon/Tesis/STN-i/Experiments/ACOTSP/Individuals/BH/STN-i-Metrics/BH-L4_stn_i_metrics.csv
          used (Mb) gc trigger (Mb) max used (Mb)
Ncells  527011 28.2    1203648 64.3   665588 35.6
Vcells 1177857  9.0    8388608 64.0  8386222 64.0
✅ Success: Generated 
>> Generating: 

Attaching package: ‘igraph’

The following objects are masked from ‘package:stats’:

    decompose, spectrum

The following object is masked from ‘package:base’:

    union

STN-i metrics saved to: /home/imperialdramon/Tesis/STN-i/Experiments/ACOTSP/Individuals/BH/STN-i-Metrics/BH-L5_stn_i_metrics.csv
          used (Mb) gc trigger (Mb) max used (Mb)
Ncells  525018 28.1    1197988   64   665588 35.6
Vcells 1135090  8.7    8388608   64  8384663 64.0
✅ Success: Generated 
>> Generating: 

Attaching package: ‘igraph’

The following objects are masked from ‘package:stats’:

    decompose, spectrum

The following object is masked from ‘package:base’:

    union

STN-i metrics saved to: /home/imperialdramon/Tesis/STN-i/Experiments/ACOTSP/Individuals/BH-90/STN-i-Metrics/BH-90-L1_stn_i_metrics.csv
          used (Mb) gc trigger (Mb) max used (Mb)
Ncells  524552 28.1    1196674   64   665588 35.6
Vcells 1115582  8.6    8388608   64  8384755 64.0
✅ Success: Generated 
>> Generating: 

Attaching package: ‘igraph’

The following objects are masked from ‘package:stats’:

    decompose, spectrum

The following object is masked from ‘package:base’:

    union

STN-i metrics saved to: /home/imperialdramon/Tesis/STN-i/Experiments/ACOTSP/Individuals/BH-90/STN-i-Metrics/BH-90-L2_stn_i_metrics.csv
          used (Mb) gc trigger (Mb) max used (Mb)
Ncells  524434 28.1    1196434 63.9   665588 35.6
Vcells 1112978  8.5    8388608 64.0  8385276 64.0
✅ Success: Generated 
>> Generating: 

Attaching package: ‘igraph’

The following objects are masked from ‘package:stats’:

    decompose, spectrum

The following object is masked from ‘package:base’:

    union

STN-i metrics saved to: /home/imperialdramon/Tesis/STN-i/Experiments/ACOTSP/Individuals/BH-90/STN-i-Metrics/BH-90-L3_stn_i_metrics.csv
          used (Mb) gc trigger (Mb) max used (Mb)
Ncells  523651 28.0    1194002 63.8   665588 35.6
Vcells 1096125  8.4    8388608 64.0  8384500 64.0
✅ Success: Generated 
>> Generating: 

Attaching package: ‘igraph’

The following objects are masked from ‘package:stats’:

    decompose, spectrum

The following object is masked from ‘package:base’:

    union

STN-i metrics saved to: /home/imperialdramon/Tesis/STN-i/Experiments/ACOTSP/Individuals/BH-90/STN-i-Metrics/BH-90-L4_stn_i_metrics.csv
          used (Mb) gc trigger (Mb) max used (Mb)
Ncells  522243 27.9    1159328   62   665588 35.6
Vcells 1066193  8.2    8388608   64  8388296 64.0
✅ Success: Generated 
>> Generating: 

Attaching package: ‘igraph’

The following objects are masked from ‘package:stats’:

    decompose, spectrum

The following object is masked from ‘package:base’:

    union

STN-i metrics saved to: /home/imperialdramon/Tesis/STN-i/Experiments/ACOTSP/Individuals/BH-90/STN-i-Metrics/BH-90-L5_stn_i_metrics.csv
          used (Mb) gc trigger (Mb) max used (Mb)
Ncells  520954 27.9    1155645 61.8   665588 35.6
Vcells 1038638  8.0    8388608 64.0  8385648 64.0
✅ Success: Generated 
=== Processing algorithm: PSO-X ===
>> Generating: 

Attaching package: ‘igraph’

The following objects are masked from ‘package:stats’:

    decompose, spectrum

The following object is masked from ‘package:base’:

    union

STN-i metrics saved to: /home/imperialdramon/Tesis/STN-i/Experiments/PSO-X/Individuals/BL/STN-i-Metrics/BL-L1_stn_i_metrics.csv
         used (Mb) gc trigger (Mb) max used (Mb)
Ncells 518313 27.7    1148100 61.4   665588 35.6
Vcells 967777  7.4    8388608 64.0  8386789 64.0
✅ Success: Generated 
>> Generating: 

Attaching package: ‘igraph’

The following objects are masked from ‘package:stats’:

    decompose, spectrum

The following object is masked from ‘package:base’:

    union

STN-i metrics saved to: /home/imperialdramon/Tesis/STN-i/Experiments/PSO-X/Individuals/BL/STN-i-Metrics/BL-L2_stn_i_metrics.csv
         used (Mb) gc trigger (Mb) max used (Mb)
Ncells 518203 27.7    1147785 61.3   665588 35.6
Vcells 965421  7.4    8388608 64.0  8384790 64.0
✅ Success: Generated 
>> Generating: 

Attaching package: ‘igraph’

The following objects are masked from ‘package:stats’:

    decompose, spectrum

The following object is masked from ‘package:base’:

    union

STN-i metrics saved to: /home/imperialdramon/Tesis/STN-i/Experiments/PSO-X/Individuals/BL/STN-i-Metrics/BL-L3_stn_i_metrics.csv
         used (Mb) gc trigger (Mb) max used (Mb)
Ncells 517830 27.7    1146720 61.3   665588 35.6
Vcells 957398  7.4    8388608 64.0  8387862 64.0
✅ Success: Generated 
>> Generating: 

Attaching package: ‘igraph’

The following objects are masked from ‘package:stats’:

    decompose, spectrum

The following object is masked from ‘package:base’:

    union

STN-i metrics saved to: /home/imperialdramon/Tesis/STN-i/Experiments/PSO-X/Individuals/BL/STN-i-Metrics/BL-L4_stn_i_metrics.csv
         used (Mb) gc trigger (Mb) max used (Mb)
Ncells 517331 27.7    1145294 61.2   665588 35.6
Vcells 946949  7.3    8388608 64.0  8387939 64.0
✅ Success: Generated 
>> Generating: 

Attaching package: ‘igraph’

The following objects are masked from ‘package:stats’:

    decompose, spectrum

The following object is masked from ‘package:base’:

    union

STN-i metrics saved to: /home/imperialdramon/Tesis/STN-i/Experiments/PSO-X/Individuals/BL/STN-i-Metrics/BL-L5_stn_i_metrics.csv
         used (Mb) gc trigger (Mb) max used (Mb)
Ncells 516600 27.6    1143205 61.1   665588 35.6
Vcells 931550  7.2    8388608 64.0  7486231 57.2
✅ Success: Generated 
>> Generating: 

Attaching package: ‘igraph’

The following objects are masked from ‘package:stats’:

    decompose, spectrum

The following object is masked from ‘package:base’:

    union

STN-i metrics saved to: /home/imperialdramon/Tesis/STN-i/Experiments/PSO-X/Individuals/BL-32/STN-i-Metrics/BL-32-L1_stn_i_metrics.csv
         used (Mb) gc trigger (Mb) max used (Mb)
Ncells 516834 27.7    1143874 61.1   665588 35.6
Vcells 934994  7.2    8388608 64.0  7986601 61.0
✅ Success: Generated 
>> Generating: 

Attaching package: ‘igraph’

The following objects are masked from ‘package:stats’:

    decompose, spectrum

The following object is masked from ‘package:base’:

    union

STN-i metrics saved to: /home/imperialdramon/Tesis/STN-i/Experiments/PSO-X/Individuals/BL-32/STN-i-Metrics/BL-32-L2_stn_i_metrics.csv
         used (Mb) gc trigger (Mb) max used (Mb)
Ncells 516763 27.6    1143671 61.1   665588 35.6
Vcells 933465  7.2    8388608 64.0  7820921 59.7
✅ Success: Generated 
>> Generating: 

Attaching package: ‘igraph’

The following objects are masked from ‘package:stats’:

    decompose, spectrum

The following object is masked from ‘package:base’:

    union

STN-i metrics saved to: /home/imperialdramon/Tesis/STN-i/Experiments/PSO-X/Individuals/BL-32/STN-i-Metrics/BL-32-L3_stn_i_metrics.csv
         used (Mb) gc trigger (Mb) max used (Mb)
Ncells 516516 27.6    1142965 61.1   665588 35.6
Vcells 928126  7.1    8388608 64.0  7247306 55.3
✅ Success: Generated 
>> Generating: 

Attaching package: ‘igraph’

The following objects are masked from ‘package:stats’:

    decompose, spectrum

The following object is masked from ‘package:base’:

    union

STN-i metrics saved to: /home/imperialdramon/Tesis/STN-i/Experiments/PSO-X/Individuals/BL-32/STN-i-Metrics/BL-32-L4_stn_i_metrics.csv
         used (Mb) gc trigger (Mb) max used (Mb)
Ncells 516169 27.6    1141974   61   665588 35.6
Vcells 920741  7.1    8388608   64  6441655 49.2
✅ Success: Generated 
>> Generating: 

Attaching package: ‘igraph’

The following objects are masked from ‘package:stats’:

    decompose, spectrum

The following object is masked from ‘package:base’:

    union

STN-i metrics saved to: /home/imperialdramon/Tesis/STN-i/Experiments/PSO-X/Individuals/BL-32/STN-i-Metrics/BL-32-L5_stn_i_metrics.csv
         used (Mb) gc trigger (Mb) max used (Mb)
Ncells 515810 27.6    1140948   61   665588 35.6
Vcells 913010  7.0    8388608   64  5597970 42.8
✅ Success: Generated 
>> Generating: 

Attaching package: ‘igraph’

The following objects are masked from ‘package:stats’:

    decompose, spectrum

The following object is masked from ‘package:base’:

    union

STN-i metrics saved to: /home/imperialdramon/Tesis/STN-i/Experiments/PSO-X/Individuals/BH/STN-i-Metrics/BH-L1_stn_i_metrics.csv
          used (Mb) gc trigger (Mb) max used (Mb)
Ncells  523037 28.0    1192374 63.7   665588 35.6
Vcells 1075869  8.3    8388608 64.0  8388516 64.0
✅ Success: Generated 
>> Generating: 

Attaching package: ‘igraph’

The following objects are masked from ‘package:stats’:

    decompose, spectrum

The following object is masked from ‘package:base’:

    union

STN-i metrics saved to: /home/imperialdramon/Tesis/STN-i/Experiments/PSO-X/Individuals/BH/STN-i-Metrics/BH-L2_stn_i_metrics.csv
          used (Mb) gc trigger (Mb) max used (Mb)
Ncells  522200 27.9    1159205   62   665588 35.6
Vcells 1057806  8.1    8388608   64  8388524 64.0
✅ Success: Generated 
>> Generating: 

Attaching package: ‘igraph’

The following objects are masked from ‘package:stats’:

    decompose, spectrum

The following object is masked from ‘package:base’:

    union

STN-i metrics saved to: /home/imperialdramon/Tesis/STN-i/Experiments/PSO-X/Individuals/BH/STN-i-Metrics/BH-L3_stn_i_metrics.csv
          used (Mb) gc trigger (Mb) max used (Mb)
Ncells  520662 27.9    1154811 61.7   665588 35.6
Vcells 1024246  7.9    8388608 64.0  8388049 64.0
✅ Success: Generated 
>> Generating: 

Attaching package: ‘igraph’

The following objects are masked from ‘package:stats’:

    decompose, spectrum

The following object is masked from ‘package:base’:

    union

STN-i metrics saved to: /home/imperialdramon/Tesis/STN-i/Experiments/PSO-X/Individuals/BH/STN-i-Metrics/BH-L4_stn_i_metrics.csv
         used (Mb) gc trigger (Mb) max used (Mb)
Ncells 519390 27.8    1151177 61.5   665588 35.6
Vcells 996962  7.7    8388608 64.0  8387632 64.0
✅ Success: Generated 
>> Generating: 

Attaching package: ‘igraph’

The following objects are masked from ‘package:stats’:

    decompose, spectrum

The following object is masked from ‘package:base’:

    union

STN-i metrics saved to: /home/imperialdramon/Tesis/STN-i/Experiments/PSO-X/Individuals/BH/STN-i-Metrics/BH-L5_stn_i_metrics.csv
         used (Mb) gc trigger (Mb) max used (Mb)
Ncells 517856 27.7    1146794 61.3   665588 35.6
Vcells 964426  7.4    8388608 64.0  8388360 64.0
✅ Success: Generated 
>> Generating: 

Attaching package: ‘igraph’

The following objects are masked from ‘package:stats’:

    decompose, spectrum

The following object is masked from ‘package:base’:

    union

STN-i metrics saved to: /home/imperialdramon/Tesis/STN-i/Experiments/PSO-X/Individuals/BH-65/STN-i-Metrics/BH-65-L1_stn_i_metrics.csv
          used (Mb) gc trigger (Mb) max used (Mb)
Ncells  519861 27.8    1152522 61.6   665588 35.6
Vcells 1005033  7.7    8388608 64.0  8386846 64.0
✅ Success: Generated 
>> Generating: 

Attaching package: ‘igraph’

The following objects are masked from ‘package:stats’:

    decompose, spectrum

The following object is masked from ‘package:base’:

    union

STN-i metrics saved to: /home/imperialdramon/Tesis/STN-i/Experiments/PSO-X/Individuals/BH-65/STN-i-Metrics/BH-65-L2_stn_i_metrics.csv
         used (Mb) gc trigger (Mb) max used (Mb)
Ncells 519419 27.8    1151260 61.5   665588 35.6
Vcells 995553  7.6    8388608 64.0  8387767 64.0
✅ Success: Generated 
>> Generating: 

Attaching package: ‘igraph’

The following objects are masked from ‘package:stats’:

    decompose, spectrum

The following object is masked from ‘package:base’:

    union

STN-i metrics saved to: /home/imperialdramon/Tesis/STN-i/Experiments/PSO-X/Individuals/BH-65/STN-i-Metrics/BH-65-L3_stn_i_metrics.csv
         used (Mb) gc trigger (Mb) max used (Mb)
Ncells 518434 27.7    1148445 61.4   665588 35.6
Vcells 974130  7.5    8388608 64.0  8388583 64.0
✅ Success: Generated 
>> Generating: 

Attaching package: ‘igraph’

The following objects are masked from ‘package:stats’:

    decompose, spectrum

The following object is masked from ‘package:base’:

    union

STN-i metrics saved to: /home/imperialdramon/Tesis/STN-i/Experiments/PSO-X/Individuals/BH-65/STN-i-Metrics/BH-65-L4_stn_i_metrics.csv
         used (Mb) gc trigger (Mb) max used (Mb)
Ncells 517639 27.7    1146174 61.3   665588 35.6
Vcells 956801  7.3    8388608 64.0  8387533 64.0
✅ Success: Generated 
>> Generating: 

Attaching package: ‘igraph’

The following objects are masked from ‘package:stats’:

    decompose, spectrum

The following object is masked from ‘package:base’:

    union

STN-i metrics saved to: /home/imperialdramon/Tesis/STN-i/Experiments/PSO-X/Individuals/BH-65/STN-i-Metrics/BH-65-L5_stn_i_metrics.csv
         used (Mb) gc trigger (Mb) max used (Mb)
Ncells 516801 27.7    1143780 61.1   665588 35.6
Vcells 938673  7.2    8388608 64.0  8033253 61.3
✅ Success: Generated 
=== STN-i files generation finished at Tue Oct 28 09:10:24 -03 2025 ===
