=== STN-i data generation started at Sun Nov  9 00:01:21 -03 2025 ===
Mode: Individuals
=== Processing algorithm: ACOTSP ===
>> Generating: 

Attaching package: ‘igraph’

The following objects are masked from ‘package:stats’:

    decompose, spectrum

The following object is masked from ‘package:base’:

    union


Attaching package: ‘dplyr’

The following objects are masked from ‘package:plyr’:

    arrange, count, desc, failwith, id, mutate, rename, summarise,
    summarize

The following objects are masked from ‘package:igraph’:

    as_data_frame, groups, union

The following objects are masked from ‘package:stats’:

    filter, lag

The following objects are masked from ‘package:base’:

    intersect, setdiff, setequal, union

          used (Mb) gc trigger  (Mb) max used  (Mb)
Ncells  703267 37.6    1892545 101.1  1892545 101.1
Vcells 1336414 10.2    8388608  64.0  8387231  64.0
✅ Success: Generated 
>> Generating: 

Attaching package: ‘igraph’

The following objects are masked from ‘package:stats’:

    decompose, spectrum

The following object is masked from ‘package:base’:

    union


Attaching package: ‘dplyr’

The following objects are masked from ‘package:plyr’:

    arrange, count, desc, failwith, id, mutate, rename, summarise,
    summarize

The following objects are masked from ‘package:igraph’:

    as_data_frame, groups, union

The following objects are masked from ‘package:stats’:

    filter, lag

The following objects are masked from ‘package:base’:

    intersect, setdiff, setequal, union

          used (Mb) gc trigger  (Mb) max used  (Mb)
Ncells  703267 37.6    1892451 101.1  1892451 101.1
Vcells 1336414 10.2    8388608  64.0  8387963  64.0
✅ Success: Generated 
>> Generating: 

Attaching package: ‘igraph’

The following objects are masked from ‘package:stats’:

    decompose, spectrum

The following object is masked from ‘package:base’:

    union


Attaching package: ‘dplyr’

The following objects are masked from ‘package:plyr’:

    arrange, count, desc, failwith, id, mutate, rename, summarise,
    summarize

The following objects are masked from ‘package:igraph’:

    as_data_frame, groups, union

The following objects are masked from ‘package:stats’:

    filter, lag

The following objects are masked from ‘package:base’:

    intersect, setdiff, setequal, union

          used (Mb) gc trigger  (Mb) max used  (Mb)
Ncells  703168 37.6    1892622 101.1  1892622 101.1
Vcells 1335822 10.2    8388608  64.0  8381198  64.0
✅ Success: Generated 
>> Generating: 

Attaching package: ‘igraph’

The following objects are masked from ‘package:stats’:

    decompose, spectrum

The following object is masked from ‘package:base’:

    union


Attaching package: ‘dplyr’

The following objects are masked from ‘package:plyr’:

    arrange, count, desc, failwith, id, mutate, rename, summarise,
    summarize

The following objects are masked from ‘package:igraph’:

    as_data_frame, groups, union

The following objects are masked from ‘package:stats’:

    filter, lag

The following objects are masked from ‘package:base’:

    intersect, setdiff, setequal, union

          used (Mb) gc trigger  (Mb) max used  (Mb)
Ncells  701776 37.5    2070414 110.6  2070414 110.6
Vcells 1327454 10.2    8388608  64.0  8388424  64.0
✅ Success: Generated 
>> Generating: 

Attaching package: ‘igraph’

The following objects are masked from ‘package:stats’:

    decompose, spectrum

The following object is masked from ‘package:base’:

    union


Attaching package: ‘dplyr’

The following objects are masked from ‘package:plyr’:

    arrange, count, desc, failwith, id, mutate, rename, summarise,
    summarize

The following objects are masked from ‘package:igraph’:

    as_data_frame, groups, union

The following objects are masked from ‘package:stats’:

    filter, lag

The following objects are masked from ‘package:base’:

    intersect, setdiff, setequal, union

          used (Mb) gc trigger  (Mb) max used  (Mb)
Ncells  698944 37.4    2014917 107.7  2014917 107.7
Vcells 1310091 10.0    8388608  64.0  5694251  43.5
✅ Success: Generated 
>> Generating: 

Attaching package: ‘igraph’

The following objects are masked from ‘package:stats’:

    decompose, spectrum

The following object is masked from ‘package:base’:

    union


Attaching package: ‘dplyr’

The following objects are masked from ‘package:plyr’:

    arrange, count, desc, failwith, id, mutate, rename, summarise,
    summarize

The following objects are masked from ‘package:igraph’:

    as_data_frame, groups, union

The following objects are masked from ‘package:stats’:

    filter, lag

The following objects are masked from ‘package:base’:

    intersect, setdiff, setequal, union

          used (Mb) gc trigger (Mb) max used (Mb)
Ncells  695053 37.2    1299428 69.4  1299428 69.4
Vcells 1286153  9.9    8388608 64.0  7682461 58.7
✅ Success: Generated 
>> Generating: 

Attaching package: ‘igraph’

The following objects are masked from ‘package:stats’:

    decompose, spectrum

The following object is masked from ‘package:base’:

    union


Attaching package: ‘dplyr’

The following objects are masked from ‘package:plyr’:

    arrange, count, desc, failwith, id, mutate, rename, summarise,
    summarize

The following objects are masked from ‘package:igraph’:

    as_data_frame, groups, union

The following objects are masked from ‘package:stats’:

    filter, lag

The following objects are masked from ‘package:base’:

    intersect, setdiff, setequal, union

          used (Mb) gc trigger (Mb) max used (Mb)
Ncells  685891 36.7    1665688   89  1665688 89.0
Vcells 1242794  9.5    8388608   64  6619274 50.6
✅ Success: Generated 
>> Generating: 

Attaching package: ‘igraph’

The following objects are masked from ‘package:stats’:

    decompose, spectrum

The following object is masked from ‘package:base’:

    union


Attaching package: ‘dplyr’

The following objects are masked from ‘package:plyr’:

    arrange, count, desc, failwith, id, mutate, rename, summarise,
    summarize

The following objects are masked from ‘package:igraph’:

    as_data_frame, groups, union

The following objects are masked from ‘package:stats’:

    filter, lag

The following objects are masked from ‘package:base’:

    intersect, setdiff, setequal, union

          used (Mb) gc trigger (Mb) max used (Mb)
Ncells  685891 36.7    1665648   89  1665648 89.0
Vcells 1242794  9.5    8388608   64  6618281 50.5
✅ Success: Generated 
>> Generating: 

Attaching package: ‘igraph’

The following objects are masked from ‘package:stats’:

    decompose, spectrum

The following object is masked from ‘package:base’:

    union


Attaching package: ‘dplyr’

The following objects are masked from ‘package:plyr’:

    arrange, count, desc, failwith, id, mutate, rename, summarise,
    summarize

The following objects are masked from ‘package:igraph’:

    as_data_frame, groups, union

The following objects are masked from ‘package:stats’:

    filter, lag

The following objects are masked from ‘package:base’:

    intersect, setdiff, setequal, union

          used (Mb) gc trigger (Mb) max used (Mb)
Ncells  685861 36.7    1665265   89  1665265 89.0
Vcells 1242616  9.5    8388608   64  6570689 50.2
✅ Success: Generated 
>> Generating: 

Attaching package: ‘igraph’

The following objects are masked from ‘package:stats’:

    decompose, spectrum

The following object is masked from ‘package:base’:

    union


Attaching package: ‘dplyr’

The following objects are masked from ‘package:plyr’:

    arrange, count, desc, failwith, id, mutate, rename, summarise,
    summarize

The following objects are masked from ‘package:igraph’:

    as_data_frame, groups, union

The following objects are masked from ‘package:stats’:

    filter, lag

The following objects are masked from ‘package:base’:

    intersect, setdiff, setequal, union

          used (Mb) gc trigger (Mb) max used (Mb)
Ncells  685168 36.6    1651294 88.2  1651294 88.2
Vcells 1238464  9.5    8388608 64.0  6435990 49.2
✅ Success: Generated 
>> Generating: 

Attaching package: ‘igraph’

The following objects are masked from ‘package:stats’:

    decompose, spectrum

The following object is masked from ‘package:base’:

    union


Attaching package: ‘dplyr’

The following objects are masked from ‘package:plyr’:

    arrange, count, desc, failwith, id, mutate, rename, summarise,
    summarize

The following objects are masked from ‘package:igraph’:

    as_data_frame, groups, union

The following objects are masked from ‘package:stats’:

    filter, lag

The following objects are masked from ‘package:base’:

    intersect, setdiff, setequal, union

          used (Mb) gc trigger (Mb) max used (Mb)
Ncells  683635 36.6    1299428 69.4  1299428 69.4
Vcells 1229246  9.4    8388608 64.0  5976513 45.6
✅ Success: Generated 
>> Generating: 

Attaching package: ‘igraph’

The following objects are masked from ‘package:stats’:

    decompose, spectrum

The following object is masked from ‘package:base’:

    union


Attaching package: ‘dplyr’

The following objects are masked from ‘package:plyr’:

    arrange, count, desc, failwith, id, mutate, rename, summarise,
    summarize

The following objects are masked from ‘package:igraph’:

    as_data_frame, groups, union

The following objects are masked from ‘package:stats’:

    filter, lag

The following objects are masked from ‘package:base’:

    intersect, setdiff, setequal, union

          used (Mb) gc trigger (Mb) max used (Mb)
Ncells  681583 36.5    1299428 69.4  1299428 69.4
Vcells 1216591  9.3    8388608 64.0  5267700 40.2
✅ Success: Generated 
>> Generating: 

Attaching package: ‘igraph’

The following objects are masked from ‘package:stats’:

    decompose, spectrum

The following object is masked from ‘package:base’:

    union


Attaching package: ‘dplyr’

The following objects are masked from ‘package:plyr’:

    arrange, count, desc, failwith, id, mutate, rename, summarise,
    summarize

The following objects are masked from ‘package:igraph’:

    as_data_frame, groups, union

The following objects are masked from ‘package:stats’:

    filter, lag

The following objects are masked from ‘package:base’:

    intersect, setdiff, setequal, union

          used (Mb) gc trigger  (Mb) max used  (Mb)
Ncells  748072 40.0    2530574 135.2  1998305 106.8
Vcells 1576382 12.1    8388608  64.0  8387202  64.0
✅ Success: Generated 
>> Generating: 

Attaching package: ‘igraph’

The following objects are masked from ‘package:stats’:

    decompose, spectrum

The following object is masked from ‘package:base’:

    union


Attaching package: ‘dplyr’

The following objects are masked from ‘package:plyr’:

    arrange, count, desc, failwith, id, mutate, rename, summarise,
    summarize

The following objects are masked from ‘package:igraph’:

    as_data_frame, groups, union

The following objects are masked from ‘package:stats’:

    filter, lag

The following objects are masked from ‘package:base’:

    intersect, setdiff, setequal, union

          used (Mb) gc trigger  (Mb) max used  (Mb)
Ncells  748072 40.0    2530664 135.2  1998125 106.8
Vcells 1576382 12.1    8388608  64.0  8386601  64.0
✅ Success: Generated 
>> Generating: 

Attaching package: ‘igraph’

The following objects are masked from ‘package:stats’:

    decompose, spectrum

The following object is masked from ‘package:base’:

    union


Attaching package: ‘dplyr’

The following objects are masked from ‘package:plyr’:

    arrange, count, desc, failwith, id, mutate, rename, summarise,
    summarize

The following objects are masked from ‘package:igraph’:

    as_data_frame, groups, union

The following objects are masked from ‘package:stats’:

    filter, lag

The following objects are masked from ‘package:base’:

    intersect, setdiff, setequal, union

          used (Mb) gc trigger  (Mb) max used  (Mb)
Ncells  746941 39.9    1999137 106.8  1999137 106.8
Vcells 1569720 12.0    8388608  64.0  8380632  64.0
✅ Success: Generated 
>> Generating: 

Attaching package: ‘igraph’

The following objects are masked from ‘package:stats’:

    decompose, spectrum

The following object is masked from ‘package:base’:

    union


Attaching package: ‘dplyr’

The following objects are masked from ‘package:plyr’:

    arrange, count, desc, failwith, id, mutate, rename, summarise,
    summarize

The following objects are masked from ‘package:igraph’:

    as_data_frame, groups, union

The following objects are masked from ‘package:stats’:

    filter, lag

The following objects are masked from ‘package:base’:

    intersect, setdiff, setequal, union

          used (Mb) gc trigger  (Mb) max used  (Mb)
Ncells  740464 39.6    2004282 107.1  2004282 107.1
Vcells 1531057 11.7    8388608  64.0  8388365  64.0
✅ Success: Generated 
>> Generating: 

Attaching package: ‘igraph’

The following objects are masked from ‘package:stats’:

    decompose, spectrum

The following object is masked from ‘package:base’:

    union


Attaching package: ‘dplyr’

The following objects are masked from ‘package:plyr’:

    arrange, count, desc, failwith, id, mutate, rename, summarise,
    summarize

The following objects are masked from ‘package:igraph’:

    as_data_frame, groups, union

The following objects are masked from ‘package:stats’:

    filter, lag

The following objects are masked from ‘package:base’:

    intersect, setdiff, setequal, union

          used (Mb) gc trigger  (Mb) max used  (Mb)
Ncells  731047 39.1    2015734 107.7  2015734 107.7
Vcells 1475747 11.3    8388608  64.0  8378632  64.0
✅ Success: Generated 
>> Generating: 

Attaching package: ‘igraph’

The following objects are masked from ‘package:stats’:

    decompose, spectrum

The following object is masked from ‘package:base’:

    union


Attaching package: ‘dplyr’

The following objects are masked from ‘package:plyr’:

    arrange, count, desc, failwith, id, mutate, rename, summarise,
    summarize

The following objects are masked from ‘package:igraph’:

    as_data_frame, groups, union

The following objects are masked from ‘package:stats’:

    filter, lag

The following objects are masked from ‘package:base’:

    intersect, setdiff, setequal, union

          used (Mb) gc trigger  (Mb) max used  (Mb)
Ncells  722914 38.7    2231285 119.2  2231285 119.2
Vcells 1427952 10.9    8388608  64.0  8382107  64.0
✅ Success: Generated 
>> Generating: 

Attaching package: ‘igraph’

The following objects are masked from ‘package:stats’:

    decompose, spectrum

The following object is masked from ‘package:base’:

    union


Attaching package: ‘dplyr’

The following objects are masked from ‘package:plyr’:

    arrange, count, desc, failwith, id, mutate, rename, summarise,
    summarize

The following objects are masked from ‘package:igraph’:

    as_data_frame, groups, union

The following objects are masked from ‘package:stats’:

    filter, lag

The following objects are masked from ‘package:base’:

    intersect, setdiff, setequal, union

          used (Mb) gc trigger  (Mb) max used  (Mb)
Ncells  713530 38.2    2154291 115.1  2154291 115.1
Vcells 1389702 10.7    8388608  64.0  8384831  64.0
✅ Success: Generated 
>> Generating: 

Attaching package: ‘igraph’

The following objects are masked from ‘package:stats’:

    decompose, spectrum

The following object is masked from ‘package:base’:

    union


Attaching package: ‘dplyr’

The following objects are masked from ‘package:plyr’:

    arrange, count, desc, failwith, id, mutate, rename, summarise,
    summarize

The following objects are masked from ‘package:igraph’:

    as_data_frame, groups, union

The following objects are masked from ‘package:stats’:

    filter, lag

The following objects are masked from ‘package:base’:

    intersect, setdiff, setequal, union

          used (Mb) gc trigger  (Mb) max used  (Mb)
Ncells  713530 38.2    2154408 115.1  2154408 115.1
Vcells 1389702 10.7    8388608  64.0  8388600  64.0
✅ Success: Generated 
>> Generating: 

Attaching package: ‘igraph’

The following objects are masked from ‘package:stats’:

    decompose, spectrum

The following object is masked from ‘package:base’:

    union


Attaching package: ‘dplyr’

The following objects are masked from ‘package:plyr’:

    arrange, count, desc, failwith, id, mutate, rename, summarise,
    summarize

The following objects are masked from ‘package:igraph’:

    as_data_frame, groups, union

The following objects are masked from ‘package:stats’:

    filter, lag

The following objects are masked from ‘package:base’:

    intersect, setdiff, setequal, union

          used (Mb) gc trigger  (Mb) max used  (Mb)
Ncells  713011 38.1    2155288 115.2  2155288 115.2
Vcells 1386719 10.6    8388608  64.0  8387498  64.0
✅ Success: Generated 
>> Generating: 

Attaching package: ‘igraph’

The following objects are masked from ‘package:stats’:

    decompose, spectrum

The following object is masked from ‘package:base’:

    union


Attaching package: ‘dplyr’

The following objects are masked from ‘package:plyr’:

    arrange, count, desc, failwith, id, mutate, rename, summarise,
    summarize

The following objects are masked from ‘package:igraph’:

    as_data_frame, groups, union

The following objects are masked from ‘package:stats’:

    filter, lag

The following objects are masked from ‘package:base’:

    intersect, setdiff, setequal, union

          used (Mb) gc trigger  (Mb) max used  (Mb)
Ncells  709891 38.0    1894788 101.2  1894788 101.2
Vcells 1368108 10.5    8388608  64.0  8384561  64.0
✅ Success: Generated 
>> Generating: 

Attaching package: ‘igraph’

The following objects are masked from ‘package:stats’:

    decompose, spectrum

The following object is masked from ‘package:base’:

    union


Attaching package: ‘dplyr’

The following objects are masked from ‘package:plyr’:

    arrange, count, desc, failwith, id, mutate, rename, summarise,
    summarize

The following objects are masked from ‘package:igraph’:

    as_data_frame, groups, union

The following objects are masked from ‘package:stats’:

    filter, lag

The following objects are masked from ‘package:base’:

    intersect, setdiff, setequal, union

          used (Mb) gc trigger  (Mb) max used  (Mb)
Ncells  704416 37.7    2119768 113.3  2119768 113.3
Vcells 1335283 10.2    8388608  64.0  8380507  64.0
✅ Success: Generated 
>> Generating: 

Attaching package: ‘igraph’

The following objects are masked from ‘package:stats’:

    decompose, spectrum

The following object is masked from ‘package:base’:

    union


Attaching package: ‘dplyr’

The following objects are masked from ‘package:plyr’:

    arrange, count, desc, failwith, id, mutate, rename, summarise,
    summarize

The following objects are masked from ‘package:igraph’:

    as_data_frame, groups, union

The following objects are masked from ‘package:stats’:

    filter, lag

The following objects are masked from ‘package:base’:

    intersect, setdiff, setequal, union

          used (Mb) gc trigger  (Mb) max used  (Mb)
Ncells  699283 37.4    2015360 107.7  2015360 107.7
Vcells 1304841 10.0    8388608  64.0  8388595  64.0
✅ Success: Generated 
=== Processing algorithm: PSO-X ===
>> Generating: 

Attaching package: ‘igraph’

The following objects are masked from ‘package:stats’:

    decompose, spectrum

The following object is masked from ‘package:base’:

    union


Attaching package: ‘dplyr’

The following objects are masked from ‘package:plyr’:

    arrange, count, desc, failwith, id, mutate, rename, summarise,
    summarize

The following objects are masked from ‘package:igraph’:

    as_data_frame, groups, union

The following objects are masked from ‘package:stats’:

    filter, lag

The following objects are masked from ‘package:base’:

    intersect, setdiff, setequal, union

          used (Mb) gc trigger (Mb) max used (Mb)
Ncells  677599 36.2    1299428 69.4  1299428 69.4
Vcells 1201809  9.2    8388608 64.0  5429042 41.5
✅ Success: Generated 
>> Generating: 

Attaching package: ‘igraph’

The following objects are masked from ‘package:stats’:

    decompose, spectrum

The following object is masked from ‘package:base’:

    union


Attaching package: ‘dplyr’

The following objects are masked from ‘package:plyr’:

    arrange, count, desc, failwith, id, mutate, rename, summarise,
    summarize

The following objects are masked from ‘package:igraph’:

    as_data_frame, groups, union

The following objects are masked from ‘package:stats’:

    filter, lag

The following objects are masked from ‘package:base’:

    intersect, setdiff, setequal, union

          used (Mb) gc trigger (Mb) max used (Mb)
Ncells  677584 36.2    1299428 69.4  1299428 69.4
Vcells 1201725  9.2    8388608 64.0  5427261 41.5
✅ Success: Generated 
>> Generating: 

Attaching package: ‘igraph’

The following objects are masked from ‘package:stats’:

    decompose, spectrum

The following object is masked from ‘package:base’:

    union


Attaching package: ‘dplyr’

The following objects are masked from ‘package:plyr’:

    arrange, count, desc, failwith, id, mutate, rename, summarise,
    summarize

The following objects are masked from ‘package:igraph’:

    as_data_frame, groups, union

The following objects are masked from ‘package:stats’:

    filter, lag

The following objects are masked from ‘package:base’:

    intersect, setdiff, setequal, union

          used (Mb) gc trigger (Mb) max used (Mb)
Ncells  677164 36.2    1299428 69.4  1299428 69.4
Vcells 1199164  9.2    8388608 64.0  5046673 38.6
✅ Success: Generated 
>> Generating: 

Attaching package: ‘igraph’

The following objects are masked from ‘package:stats’:

    decompose, spectrum

The following object is masked from ‘package:base’:

    union


Attaching package: ‘dplyr’

The following objects are masked from ‘package:plyr’:

    arrange, count, desc, failwith, id, mutate, rename, summarise,
    summarize

The following objects are masked from ‘package:igraph’:

    as_data_frame, groups, union

The following objects are masked from ‘package:stats’:

    filter, lag

The following objects are masked from ‘package:base’:

    intersect, setdiff, setequal, union

          used (Mb) gc trigger (Mb) max used (Mb)
Ncells  675691 36.1    1299428 69.4  1299428 69.4
Vcells 1190326  9.1    8388608 64.0  4877874 37.3
✅ Success: Generated 
>> Generating: 

Attaching package: ‘igraph’

The following objects are masked from ‘package:stats’:

    decompose, spectrum

The following object is masked from ‘package:base’:

    union


Attaching package: ‘dplyr’

The following objects are masked from ‘package:plyr’:

    arrange, count, desc, failwith, id, mutate, rename, summarise,
    summarize

The following objects are masked from ‘package:igraph’:

    as_data_frame, groups, union

The following objects are masked from ‘package:stats’:

    filter, lag

The following objects are masked from ‘package:base’:

    intersect, setdiff, setequal, union

          used (Mb) gc trigger (Mb) max used (Mb)
Ncells  673840   36    1299428 69.4  1299428 69.4
Vcells 1179062    9    8388608 64.0  4327802 33.1
✅ Success: Generated 
>> Generating: 

Attaching package: ‘igraph’

The following objects are masked from ‘package:stats’:

    decompose, spectrum

The following object is masked from ‘package:base’:

    union


Attaching package: ‘dplyr’

The following objects are masked from ‘package:plyr’:

    arrange, count, desc, failwith, id, mutate, rename, summarise,
    summarize

The following objects are masked from ‘package:igraph’:

    as_data_frame, groups, union

The following objects are masked from ‘package:stats’:

    filter, lag

The following objects are masked from ‘package:base’:

    intersect, setdiff, setequal, union

          used (Mb) gc trigger (Mb) max used (Mb)
Ncells  671107 35.9    1299428 69.4  1299428 69.4
Vcells 1162418  8.9    8388608 64.0  3954647 30.2
✅ Success: Generated 
>> Generating: 

Attaching package: ‘igraph’

The following objects are masked from ‘package:stats’:

    decompose, spectrum

The following object is masked from ‘package:base’:

    union


Attaching package: ‘dplyr’

The following objects are masked from ‘package:plyr’:

    arrange, count, desc, failwith, id, mutate, rename, summarise,
    summarize

The following objects are masked from ‘package:igraph’:

    as_data_frame, groups, union

The following objects are masked from ‘package:stats’:

    filter, lag

The following objects are masked from ‘package:base’:

    intersect, setdiff, setequal, union

          used (Mb) gc trigger (Mb) max used (Mb)
Ncells  670759 35.9    1299428 69.4  1299428 69.4
Vcells 1163370  8.9    8388608 64.0  3973260 30.4
✅ Success: Generated 
>> Generating: 

Attaching package: ‘igraph’

The following objects are masked from ‘package:stats’:

    decompose, spectrum

The following object is masked from ‘package:base’:

    union


Attaching package: ‘dplyr’

The following objects are masked from ‘package:plyr’:

    arrange, count, desc, failwith, id, mutate, rename, summarise,
    summarize

The following objects are masked from ‘package:igraph’:

    as_data_frame, groups, union

The following objects are masked from ‘package:stats’:

    filter, lag

The following objects are masked from ‘package:base’:

    intersect, setdiff, setequal, union

          used (Mb) gc trigger (Mb) max used (Mb)
Ncells  670753 35.9    1299428 69.4  1299428 69.4
Vcells 1163340  8.9    8388608 64.0  3974255 30.4
✅ Success: Generated 
>> Generating: 

Attaching package: ‘igraph’

The following objects are masked from ‘package:stats’:

    decompose, spectrum

The following object is masked from ‘package:base’:

    union


Attaching package: ‘dplyr’

The following objects are masked from ‘package:plyr’:

    arrange, count, desc, failwith, id, mutate, rename, summarise,
    summarize

The following objects are masked from ‘package:igraph’:

    as_data_frame, groups, union

The following objects are masked from ‘package:stats’:

    filter, lag

The following objects are masked from ‘package:base’:

    intersect, setdiff, setequal, union

          used (Mb) gc trigger (Mb) max used (Mb)
Ncells  670498 35.9    1299428 69.4  1299428 69.4
Vcells 1161741  8.9    8388608 64.0  3946373 30.2
✅ Success: Generated 
>> Generating: 

Attaching package: ‘igraph’

The following objects are masked from ‘package:stats’:

    decompose, spectrum

The following object is masked from ‘package:base’:

    union


Attaching package: ‘dplyr’

The following objects are masked from ‘package:plyr’:

    arrange, count, desc, failwith, id, mutate, rename, summarise,
    summarize

The following objects are masked from ‘package:igraph’:

    as_data_frame, groups, union

The following objects are masked from ‘package:stats’:

    filter, lag

The following objects are masked from ‘package:base’:

    intersect, setdiff, setequal, union

          used (Mb) gc trigger (Mb) max used (Mb)
Ncells  669499 35.8    1299428 69.4  1299428 69.4
Vcells 1155802  8.9    8388608 64.0  3698527 28.3
✅ Success: Generated 
>> Generating: 

Attaching package: ‘igraph’

The following objects are masked from ‘package:stats’:

    decompose, spectrum

The following object is masked from ‘package:base’:

    union


Attaching package: ‘dplyr’

The following objects are masked from ‘package:plyr’:

    arrange, count, desc, failwith, id, mutate, rename, summarise,
    summarize

The following objects are masked from ‘package:igraph’:

    as_data_frame, groups, union

The following objects are masked from ‘package:stats’:

    filter, lag

The following objects are masked from ‘package:base’:

    intersect, setdiff, setequal, union

          used (Mb) gc trigger (Mb) max used (Mb)
Ncells  668170 35.7    1299428 69.4  1299428 69.4
Vcells 1147772  8.8    8388608 64.0  3501900 26.8
✅ Success: Generated 
>> Generating: 

Attaching package: ‘igraph’

The following objects are masked from ‘package:stats’:

    decompose, spectrum

The following object is masked from ‘package:base’:

    union


Attaching package: ‘dplyr’

The following objects are masked from ‘package:plyr’:

    arrange, count, desc, failwith, id, mutate, rename, summarise,
    summarize

The following objects are masked from ‘package:igraph’:

    as_data_frame, groups, union

The following objects are masked from ‘package:stats’:

    filter, lag

The following objects are masked from ‘package:base’:

    intersect, setdiff, setequal, union

          used (Mb) gc trigger (Mb) max used (Mb)
Ncells  666712 35.7    1299428 69.4  1299428 69.4
Vcells 1139163  8.7    8388608 64.0  3179697 24.3
✅ Success: Generated 
>> Generating: 

Attaching package: ‘igraph’

The following objects are masked from ‘package:stats’:

    decompose, spectrum

The following object is masked from ‘package:base’:

    union


Attaching package: ‘dplyr’

The following objects are masked from ‘package:plyr’:

    arrange, count, desc, failwith, id, mutate, rename, summarise,
    summarize

The following objects are masked from ‘package:igraph’:

    as_data_frame, groups, union

The following objects are masked from ‘package:stats’:

    filter, lag

The following objects are masked from ‘package:base’:

    intersect, setdiff, setequal, union

          used (Mb) gc trigger  (Mb) max used  (Mb)
Ncells  702076 37.5    1881782 100.5  1881782 100.5
Vcells 1334293 10.2    8388608  64.0  8386087  64.0
✅ Success: Generated 
>> Generating: 

Attaching package: ‘igraph’

The following objects are masked from ‘package:stats’:

    decompose, spectrum

The following object is masked from ‘package:base’:

    union


Attaching package: ‘dplyr’

The following objects are masked from ‘package:plyr’:

    arrange, count, desc, failwith, id, mutate, rename, summarise,
    summarize

The following objects are masked from ‘package:igraph’:

    as_data_frame, groups, union

The following objects are masked from ‘package:stats’:

    filter, lag

The following objects are masked from ‘package:base’:

    intersect, setdiff, setequal, union

          used (Mb) gc trigger  (Mb) max used  (Mb)
Ncells  701971 37.5    1882545 100.6  1882545 100.6
Vcells 1333665 10.2    8388608  64.0  8384001  64.0
✅ Success: Generated 
>> Generating: 

Attaching package: ‘igraph’

The following objects are masked from ‘package:stats’:

    decompose, spectrum

The following object is masked from ‘package:base’:

    union


Attaching package: ‘dplyr’

The following objects are masked from ‘package:plyr’:

    arrange, count, desc, failwith, id, mutate, rename, summarise,
    summarize

The following objects are masked from ‘package:igraph’:

    as_data_frame, groups, union

The following objects are masked from ‘package:stats’:

    filter, lag

The following objects are masked from ‘package:base’:

    intersect, setdiff, setequal, union

          used (Mb) gc trigger  (Mb) max used  (Mb)
Ncells  698581 37.4    2006288 107.2  2006288 107.2
Vcells 1313566 10.1    8388608  64.0  5852582  44.7
✅ Success: Generated 
>> Generating: 

Attaching package: ‘igraph’

The following objects are masked from ‘package:stats’:

    decompose, spectrum

The following object is masked from ‘package:base’:

    union


Attaching package: ‘dplyr’

The following objects are masked from ‘package:plyr’:

    arrange, count, desc, failwith, id, mutate, rename, summarise,
    summarize

The following objects are masked from ‘package:igraph’:

    as_data_frame, groups, union

The following objects are masked from ‘package:stats’:

    filter, lag

The following objects are masked from ‘package:base’:

    intersect, setdiff, setequal, union

          used (Mb) gc trigger (Mb) max used (Mb)
Ncells  691951 37.0    1299428 69.4  1299428 69.4
Vcells 1275326  9.8    8388608 64.0  7407816 56.6
✅ Success: Generated 
>> Generating: 

Attaching package: ‘igraph’

The following objects are masked from ‘package:stats’:

    decompose, spectrum

The following object is masked from ‘package:base’:

    union


Attaching package: ‘dplyr’

The following objects are masked from ‘package:plyr’:

    arrange, count, desc, failwith, id, mutate, rename, summarise,
    summarize

The following objects are masked from ‘package:igraph’:

    as_data_frame, groups, union

The following objects are masked from ‘package:stats’:

    filter, lag

The following objects are masked from ‘package:base’:

    intersect, setdiff, setequal, union

          used (Mb) gc trigger (Mb) max used (Mb)
Ncells  686734 36.7    1666942 89.1  1666942 89.1
Vcells 1244779  9.5    8388608 64.0  6762918 51.6
✅ Success: Generated 
>> Generating: 

Attaching package: ‘igraph’

The following objects are masked from ‘package:stats’:

    decompose, spectrum

The following object is masked from ‘package:base’:

    union


Attaching package: ‘dplyr’

The following objects are masked from ‘package:plyr’:

    arrange, count, desc, failwith, id, mutate, rename, summarise,
    summarize

The following objects are masked from ‘package:igraph’:

    as_data_frame, groups, union

The following objects are masked from ‘package:stats’:

    filter, lag

The following objects are masked from ‘package:base’:

    intersect, setdiff, setequal, union

          used (Mb) gc trigger (Mb) max used (Mb)
Ncells  680683 36.4    1299428 69.4  1299428 69.4
Vcells 1208843  9.3    8388608 64.0  5325692 40.7
✅ Success: Generated 
>> Generating: 

Attaching package: ‘igraph’

The following objects are masked from ‘package:stats’:

    decompose, spectrum

The following object is masked from ‘package:base’:

    union


Attaching package: ‘dplyr’

The following objects are masked from ‘package:plyr’:

    arrange, count, desc, failwith, id, mutate, rename, summarise,
    summarize

The following objects are masked from ‘package:igraph’:

    as_data_frame, groups, union

The following objects are masked from ‘package:stats’:

    filter, lag

The following objects are masked from ‘package:base’:

    intersect, setdiff, setequal, union

          used (Mb) gc trigger (Mb) max used (Mb)
Ncells  687004 36.7    1685100   90  1685100   90
Vcells 1250268  9.6    8388608   64  6814837   52
✅ Success: Generated 
>> Generating: 

Attaching package: ‘igraph’

The following objects are masked from ‘package:stats’:

    decompose, spectrum

The following object is masked from ‘package:base’:

    union


Attaching package: ‘dplyr’

The following objects are masked from ‘package:plyr’:

    arrange, count, desc, failwith, id, mutate, rename, summarise,
    summarize

The following objects are masked from ‘package:igraph’:

    as_data_frame, groups, union

The following objects are masked from ‘package:stats’:

    filter, lag

The following objects are masked from ‘package:base’:

    intersect, setdiff, setequal, union

          used (Mb) gc trigger (Mb) max used (Mb)
Ncells  686968 36.7    1684620   90  1684620   90
Vcells 1250032  9.6    8388608   64  6679052   51
✅ Success: Generated 
>> Generating: 

Attaching package: ‘igraph’

The following objects are masked from ‘package:stats’:

    decompose, spectrum

The following object is masked from ‘package:base’:

    union


Attaching package: ‘dplyr’

The following objects are masked from ‘package:plyr’:

    arrange, count, desc, failwith, id, mutate, rename, summarise,
    summarize

The following objects are masked from ‘package:igraph’:

    as_data_frame, groups, union

The following objects are masked from ‘package:stats’:

    filter, lag

The following objects are masked from ‘package:base’:

    intersect, setdiff, setequal, union

          used (Mb) gc trigger (Mb) max used (Mb)
Ncells  685237 36.6    1659280 88.7  1659280 88.7
Vcells 1239643  9.5    8388608 64.0  6434701 49.1
✅ Success: Generated 
>> Generating: 

Attaching package: ‘igraph’

The following objects are masked from ‘package:stats’:

    decompose, spectrum

The following object is masked from ‘package:base’:

    union


Attaching package: ‘dplyr’

The following objects are masked from ‘package:plyr’:

    arrange, count, desc, failwith, id, mutate, rename, summarise,
    summarize

The following objects are masked from ‘package:igraph’:

    as_data_frame, groups, union

The following objects are masked from ‘package:stats’:

    filter, lag

The following objects are masked from ‘package:base’:

    intersect, setdiff, setequal, union

          used (Mb) gc trigger (Mb) max used (Mb)
Ncells  681106 36.4    1299428 69.4  1299428 69.4
Vcells 1215515  9.3    8388608 64.0  5452469 41.6
✅ Success: Generated 
>> Generating: 

Attaching package: ‘igraph’

The following objects are masked from ‘package:stats’:

    decompose, spectrum

The following object is masked from ‘package:base’:

    union


Attaching package: ‘dplyr’

The following objects are masked from ‘package:plyr’:

    arrange, count, desc, failwith, id, mutate, rename, summarise,
    summarize

The following objects are masked from ‘package:igraph’:

    as_data_frame, groups, union

The following objects are masked from ‘package:stats’:

    filter, lag

The following objects are masked from ‘package:base’:

    intersect, setdiff, setequal, union

          used (Mb) gc trigger (Mb) max used (Mb)
Ncells  677617 36.2    1299428 69.4  1299428 69.4
Vcells 1195599  9.2    8388608 64.0  4933129 37.7
✅ Success: Generated 
>> Generating: 

Attaching package: ‘igraph’

The following objects are masked from ‘package:stats’:

    decompose, spectrum

The following object is masked from ‘package:base’:

    union


Attaching package: ‘dplyr’

The following objects are masked from ‘package:plyr’:

    arrange, count, desc, failwith, id, mutate, rename, summarise,
    summarize

The following objects are masked from ‘package:igraph’:

    as_data_frame, groups, union

The following objects are masked from ‘package:stats’:

    filter, lag

The following objects are masked from ‘package:base’:

    intersect, setdiff, setequal, union

          used (Mb) gc trigger (Mb) max used (Mb)
Ncells  674062   36    1299434 69.4  1299434 69.4
Vcells 1175033    9    8388608 64.0  3102338 23.7
✅ Success: Generated 
=== STN-i files generation finished at Sun Nov  9 00:08:04 -03 2025 ===
